<?xml version="1.0" encoding="UTF-8"?>
<robot generator="Robot 4.1.2 (Python 3.9.6 on win32)" generated="20211027 21:11:54.111" rpa="false" schemaversion="2">
<suite id="s1" name="1-Search Function" source="C:\Users\iamteerawut\GitLibrary\assignment-central\robotframework\integrations\1-search_function">
<suite id="s1-s1" name="1-Testcases" source="C:\Users\iamteerawut\GitLibrary\assignment-central\robotframework\integrations\1-search_function\1-testcases.robot">
<kw name="Open Officemate Site" library="common_resources" type="SETUP">
<kw name="Open Browser" library="SeleniumLibrary">
<arg>${endpoint_url}</arg>
<arg>${browser}</arg>
<doc>Opens a new browser instance to the optional ``url``.</doc>
<msg timestamp="20211027 21:11:54.350" level="INFO">Opening browser 'Chrome' to base url 'https://www.officemate.co.th'.</msg>
<status status="PASS" starttime="20211027 21:11:54.350" endtime="20211027 21:12:01.514"/>
</kw>
<kw name="Set Selenium Speed" library="SeleniumLibrary">
<arg>0.2s</arg>
<doc>Sets the delay that is waited after each Selenium command.</doc>
<status status="PASS" starttime="20211027 21:12:01.514" endtime="20211027 21:12:01.514"/>
</kw>
<kw name="Set Selenium Implicit Wait" library="SeleniumLibrary">
<arg>0.3s</arg>
<doc>Sets the implicit wait value used by Selenium.</doc>
<status status="PASS" starttime="20211027 21:12:01.514" endtime="20211027 21:12:01.725"/>
</kw>
<kw name="Maximize Browser Window" library="SeleniumLibrary">
<doc>Maximizes current browser window.</doc>
<status status="PASS" starttime="20211027 21:12:01.725" endtime="20211027 21:12:02.115"/>
</kw>
<kw name="Wait Until Page Contains Element" library="SeleniumLibrary">
<arg>//iframe[contains(@class,'sp-fancybox-iframe-535')]</arg>
<doc>Waits until the element ``locator`` appears on the current page.</doc>
<status status="PASS" starttime="20211027 21:12:02.115" endtime="20211027 21:12:02.333"/>
</kw>
<kw name="Select Frame" library="SeleniumLibrary">
<arg>//iframe[contains(@class,'sp-fancybox-iframe-535')]</arg>
<doc>Sets frame identified by ``locator`` as the current frame.</doc>
<msg timestamp="20211027 21:12:02.333" level="INFO">Selecting frame '//iframe[contains(@class,'sp-fancybox-iframe-535')]'.</msg>
<status status="PASS" starttime="20211027 21:12:02.333" endtime="20211027 21:12:02.773"/>
</kw>
<kw name="Click Element" library="SeleniumLibrary">
<arg>//i[@class="fa fa-times element-close-button"]</arg>
<doc>Click the element identified by ``locator``.</doc>
<msg timestamp="20211027 21:12:02.773" level="INFO">Clicking element '//i[@class="fa fa-times element-close-button"]'.</msg>
<status status="PASS" starttime="20211027 21:12:02.773" endtime="20211027 21:12:03.254"/>
</kw>
<kw name="Unselect Frame" library="SeleniumLibrary">
<doc>Sets the main frame as the current frame.</doc>
<status status="PASS" starttime="20211027 21:12:03.254" endtime="20211027 21:12:03.458"/>
</kw>
<kw name="Click Button" library="SeleniumLibrary">
<arg>//button[contains(text(), 'ยอมรับ')]</arg>
<doc>Clicks the button identified by ``locator``.</doc>
<msg timestamp="20211027 21:12:03.458" level="INFO">Clicking button '//button[contains(text(), 'ยอมรับ')]'.</msg>
<status status="PASS" starttime="20211027 21:12:03.458" endtime="20211027 21:12:04.572"/>
</kw>
<status status="PASS" starttime="20211027 21:11:54.349" endtime="20211027 21:12:04.572"/>
</kw>
<test id="s1-s1-t1" name="UI: Search function with Search Query">
<kw name="Press Keys" library="SeleniumLibrary">
<arg>//input[@data-testid='txt-SearchBar']</arg>
<arg>${item_type}</arg>
<arg>RETURN</arg>
<doc>Simulates the user pressing key(s) to an element or on the active browser.</doc>
<msg timestamp="20211027 21:12:04.573" level="INFO">Sending key(s) ('ปากกา', 'RETURN') to //input[@data-testid='txt-SearchBar'] element.</msg>
<msg timestamp="20211027 21:12:05.290" level="INFO">Sending keys ปากกา</msg>
<msg timestamp="20211027 21:12:05.538" level="INFO">Pressing special key RETURN to element.</msg>
<msg timestamp="20211027 21:12:05.538" level="INFO">Releasing special key RETURN.</msg>
<status status="PASS" starttime="20211027 21:12:04.572" endtime="20211027 21:12:05.799"/>
</kw>
<kw name="Verify Total Amount Product">
<arg>${3514}</arg>
<arg>${item_type}</arg>
<kw name="Wait Until Page Does Not Contain" library="SeleniumLibrary">
<arg>กรุณารอสักครู่</arg>
<doc>Waits until ``text`` disappears from the current page.</doc>
<status status="PASS" starttime="20211027 21:12:05.800" endtime="20211027 21:12:09.076"/>
</kw>
<kw name="Wait Until Element Contains" library="SeleniumLibrary">
<arg>//div[@class='knEvI']</arg>
<arg>ค้นพบสินค้า</arg>
<doc>Waits until the element ``locator`` contains ``text``.</doc>
<status status="PASS" starttime="20211027 21:12:09.076" endtime="20211027 21:12:09.524"/>
</kw>
<kw name="Calling Search API">
<var>${total}</var>
<arg>${expected_total}</arg>
<arg>${search_query}</arg>
<arg>${category_id}</arg>
<arg>${brand_name}</arg>
<arg>${price_range}</arg>
<kw name="Create Dictionary" library="BuiltIn">
<var>${headers}</var>
<arg>Content-Type</arg>
<arg>application/json</arg>
<arg>x-store-code</arg>
<arg>th</arg>
<doc>Creates and returns a dictionary based on the given ``items``.</doc>
<msg timestamp="20211027 21:12:09.525" level="INFO">${headers} = {'Content-Type': 'application/json', 'x-store-code': 'th'}</msg>
<status status="PASS" starttime="20211027 21:12:09.524" endtime="20211027 21:12:09.525"/>
</kw>
<kw name="Create Parameters" library="custom">
<var>${parameters}</var>
<arg>${search_query}</arg>
<arg>${category_id}</arg>
<arg>${brand_name}</arg>
<arg>${price_range}</arg>
<msg timestamp="20211027 21:12:09.526" level="INFO">${parameters} = searchQuery=ปากกา&amp;visibility=4</msg>
<status status="PASS" starttime="20211027 21:12:09.525" endtime="20211027 21:12:09.526"/>
</kw>
<kw name="GET" library="RequestsLibrary">
<var>${response}</var>
<arg>${endpoint_api_url}/search/products</arg>
<arg>headers=${headers}</arg>
<arg>params=${parameters}</arg>
<arg>expected_status=200</arg>
<doc>Sends a GET request.</doc>
<msg timestamp="20211027 21:12:11.596" level="INFO">GET Request : url=https://www.officemate.co.th/api/search/products?searchQuery=%E0%B8%9B%E0%B8%B2%E0%B8%81%E0%B8%81%E0%B8%B2&amp;visibility=4 
 path_url=/api/search/products?searchQuery=%E0%B8%9B%E0%B8%B2%E0%B8%81%E0%B8%81%E0%B8%B2&amp;visibility=4 
 headers={'User-Agent': 'python-requests/2.26.0', 'Accept-Encoding': 'gzip, deflate', 'Accept': '*/*', 'Connection': 'keep-alive', 'Content-Type': 'application/json', 'x-store-code': 'th'} 
 body=None 
 </msg>
<msg timestamp="20211027 21:12:11.598" level="INFO">GET Response : url=https://www.officemate.co.th/api/search/products?searchQuery=%E0%B8%9B%E0%B8%B2%E0%B8%81%E0%B8%81%E0%B8%B2&amp;visibility=4 
 status=200, reason=OK 
 headers={'Content-Type': 'application/json; charset=utf-8', 'X-Powered-By': 'Express', 'x-frame-options': 'SAMEORIGIN', 'x-xss-protection': '1; mode=block', 'ETag': 'W/"21c600-YAFLVluYezofZuDe19pJd11hWzU"', 'Content-Encoding': 'gzip', 'Cache-Control': 'public, max-age=120', 'Expires': 'Wed, 27 Oct 2021 14:14:12 GMT', 'Date': 'Wed, 27 Oct 2021 14:12:12 GMT', 'Transfer-Encoding': 'chunked', 'Connection': 'keep-alive, Transfer-Encoding', 'Vary': 'Accept-Encoding', 'Server-Timing': 'edge; dur=9, origin; dur=1808, cdn-cache; desc=MISS'} 
 body={"products":{"total_count":3514,"products":[{"id":1798,"type_id":"simple","name":"ปากกาลูกลื่น 0.5 มม. น้ำเงิน(12ด้าม) ควอนตั้ม Skate 111","brand_name":"ควอนตั้ม","small_image":"/O/F/OFM1005938.jpg","image":"/O/F/OFM1005938.jpg","thumbnail":"/O/F/OFM1005938.jpg","url_key":"quantum-ปากกาลูกลื่น-0-5-มม-น้ำเงิน12ด้าม-ควอนตั้ม-skate-111-ofm1005938","attribute_set_id":677,"visibility":4,"status":1,"is_returnable":"2","category":[{"category_id":2,"level":1,"parent_id":1,"url_key":"default-category"},{"category_id":107,"name":"อุปกรณ์สำนักงาน","level":2,"parent_id":2,"url_key":"office-supplies","url_path":"office-supplies","is_parent":true},{"category_id":108,"name":"ปากกา &amp; หมึกเติม","level":3,"parent_id":107,"url_key":"pens-refills","url_path":"office-supplies/pens-refills","is_parent":true},{"category_id":109,"name":"ปากกาลูกลื่น","level":4,"parent_id":108,"url_key":"ball-pen","url_path":"office-supplies/pens-refills/ball-pen","is_parent":true},{"category_id":1501,"name":"promotions","level":2,"parent_id":2,"url_key":"promotions","url_path":"promotions","is_parent":true},{"category_id":5462,"level":2,"parent_id":2,"url_key":"promotionsofficemate-global-cateogory","url_path":"promotionsofficemate-global-cateogory"},{"category_id":5463,"name":"Promotions","level":3,"parent_id":5462,"url_key":"promotions","url_path":"promotionsofficemate-global-cateogory/promotions"},{"category_id":5526,"name":"FEEL-FIN-NEW-TERM-SIAMWALLA","level":3,"parent_id":1501,"url_key":"feel-fin-new-term-siamwalla-1may-31jul21","url_path":"promotions/feel-fin-new-term-siamwalla-1may-31jul21","is_parent":true},{"category_id":6108,"name":"INFINITE-ONLINE-SELLER","level":4,"parent_id":5463,"url_key":"infinite-online-seller","url_path":"promotionsofficemate-global-cateogory/promotions/infinite-online-seller","is_parent":true},{"category_id":6114,"name":"INFINITE-ONLINE-SELLER-SIAMWALLA","level":4,"parent_id":5463,"url_key":"infinite-online-seller-siamwalla","url_path":"promotionsofficemate-global-cateogory/promotions/infinite-online-seller-siamwalla","is_parent":true},{"category_id":6153,"name":"ลดแรง! แถมเพียบ! ไอเทมเพื่อการเรียน","level":3,"parent_id":1501,"url_key":"school-supply-1-31aug21","url_path":"promotions/school-supply-1-31aug21","is_parent":true},{"category_id":6349,"name":"ลดสูงสุด 81%* ลดเพิ่ม! 10%* ฟรี* ปากกาเจล","level":3,"parent_id":1501,"url_key":"school-supply-1-30sep21","url_path":"promotions/school-supply-1-30sep21","is_parent":true},{"category_id":6383,"name":"Grand Sale | อุปกรณ์สำนักงานและเครื่องเขียน","level":3,"parent_id":1501,"url_key":"grand-sale-office-supplies-1-30sep21","url_path":"promotions/grand-sale-office-supplies-1-30sep21","is_parent":true},{"category_id":6388,"name":"Grand Sale | อุปกรณ์สำนักงานและเครื่องเขียน แบรนด์ Siamwalla","level":3,"parent_id":1501,"url_key":"grand-sale-office-supplies-siamwalla-1-30sep21","url_path":"promotions/grand-sale-office-supplies-siamwalla-1-30sep21","is_parent":true},{"category_id":6628,"name":"STATIONERY-1-31OCT21","level":3,"parent_id":1501,"url_key":"stationery-1-31oct21","url_path":"promotions/stationery-1-31oct21","is_parent":true},{"category_id":6680,"name":"RECOVERY-SALE-OFFICE-SUPPLIES-SIAMWALLA-1-31OCT21","level":3,"parent_id":1501,"url_key":"recovery-sale-office-supplies-siamwalla-1-31oct21","url_path":"promotions/recovery-sale-office-supplies-siamwalla-1-31oct21","is_parent":true},{"category_id":6682,"name":"RECOVERY-SALE-OFFICE-SUPPLIES-1-31OCT21","level":3,"parent_id":1501,"url_key":"recovery-sale-office-supplies-1-31oct21","url_path":"promotions/recovery-sale-office-supplies-1-31oct21","is_parent":true},{"category_id":6920,"name":"11-11-MEGA-FESTIVAL-3-14NOV21","level":3,"parent_id":1501,"url_key":"11-11-mega-festival-3-14nov21","url_path":"promotions/11-11-mega-festival-3-14nov21","is_parent":true}],"price":49,"tier_prices":[{"price":42,"original_price":49,"customer_group_id":0,"is_discount":true},{"price":42,"original_price":49,"customer_group_id":1,"is_discount":true},{"price":42,"original_price":49,"customer_group_id":2,"is_discount":true},{"price":42,"original_price":49,"customer_group_id":3,"is_discount":true},{"price":42,"original_price":49,"customer_group_id":4,"is_discount":true},{"price":42,"original_price":49,"customer_group_id":5,"is_discount":true}],"special_price":42,"special_from_date":"2021-10-01T00:00:00","special_to_date":"2021-10-31T23:59:59","stock":{"qty":15,"is_in_stock":true},"score":100000,"custom_attributes_option":[{"attribute_code":"small_image","value":"/O/F/OFM1005938.jpg","position":0},{"attribute_code":"special_from_date","value":"2021-10-01 00:00:00","position":0},{"attribute_code":"in_xml_sitemap","value":"Include in XML Sitemap","position":0},{"attribute_code":"swatch_image","value":"no_selection","position":0},{"attribute_code":"online_from_date","value":"2019-05-01 00:00:00","position":0},{"attribute_code":"visibility","value":4,"position":0},{"attribute_code":"percent_discount","value":14,"position":0},{"attribute_code":"price_inc_tax","value":49,"position":0},{"attribute_code":"online_price","value":39.25,"position":0},{"attribute_code":"created_at","value":"2018-07-16 14:33:36","position":0},{"attribute_code":"installment_plans","value":["5"],"position":0},{"attribute_code":"special_price","value":42,"position":0},{"attribute_code":"unit","value":"แพ็ค","position":0},{"attribute_code":"writting_color_dp","value":"น้ำเงิน","position":0},{"attribute_code":"online_price_enabled","value":"Online Price Enabled","position":0},{"attribute_code":"ts_dimensions_width","value":146,"position":0},{"attribute_code":"shipment_group_id","value":"MKP_2022","position":0},{"attribute_code":"ofm_product_type","value":15,"position":0},{"attribute_code":"weight","value":77,"position":0},{"attribute_code":"description","value":"* ปากกาลูกลื่น แบบปลอก\n* หัวปากกาผลิตจาก Nickel Silver คุณภาพแข็งแรง ทนทาน\n* น้ำหมึกชนิดพิเศษ เขียนลื่น ไม่สะดุด\n* ขนาดหัวปากกา 0.5 มม.\n* ด้ามคละสี\n* หมึกสีน้ำเงิน\n* บรรจุ 12 ด้าม/แพ็ค\n* จำนวน 1 แพ็ค\n\n*หมายเหตุการสั่งซื้อ*\n* สินค้าจำหน่ายคละแบบคละสี (ขึ้นอยู่กับ lot การผลิต)\n* บริษัทฯ ขอสงวนสิทธิ์ในการเลือกแบบและสี","position":0},{"attribute_code":"online_price_inc_tax","value":42,"position":0},{"attribute_code":"ts_dimensions_length","value":215,"position":0},{"attribute_code":"online_to_date","value":"2019-05-31 23:59:00","position":0},{"attribute_code":"special_expires_at","value":"2021-10-31 23:59:59","position":0},{"attribute_code":"ts_dimensions_height","value":10,"position":0},{"attribute_code":"updated_at","value":"2021-10-27 10:07:31","position":0},{"attribute_code":"has_options","value":false,"position":0},{"attribute_code":"barcode","value":"8851907243555","position":0},{"attribute_code":"image","value":"/O/F/OFM1005938.jpg","position":0},{"attribute_code":"price_discount","value":14.28,"position":0},{"attribute_code":"status","value":"Enabled","position":0},{"attribute_code":"short_description","value":"&lt;ul&gt;\n\t&lt;li&gt;ปากกาลูกลื่น แบบปลอก&lt;/li&gt;\n\t&lt;li&gt;หัวปากกาผลิตจาก Nickel Silver คุณภาพแข็งแรง ทนทาน&lt;/li&gt;\n\t&lt;li&gt;น้ำหมึกชนิดพิเศษ เขียนลื่น ไม่สะดุด&lt;/li&gt;\n\t&lt;li&gt;ขนาดหัวปากกา 0.5 มม.&lt;/li&gt;\n\t&lt;li&gt;ด้ามคละสี&lt;/li&gt;\n\t&lt;li&gt;หมึกสีน้ำเงิน&lt;/li&gt;\n\t&lt;li&gt;บรรจุ 12 ด้าม/แพ็ค&lt;/li&gt;\n\t&lt;li&gt;จำนวน 1 แพ็ค&lt;/li&gt;\n&lt;/ul&gt;\n\n&lt;p&gt;&lt;strong&gt;หมายเหตุการสั่งซื้อ&lt;/strong&gt;&lt;br /&gt;\n&lt;ul&gt;\n\t&lt;li&gt;สินค้าจำหน่ายคละแบบคละสี (ขึ้นอยู่กับ lot การผลิต)&lt;/li&gt;\n\t&lt;li&gt;บริษัทฯ ขอสงวนสิทธิ์ในการเลือกแบบและสี&lt;/li&gt;&lt;br /&gt;\n&lt;/ul&gt;&lt;/p&gt;","position":0},{"attribute_code":"special_to_date","value":"2021-10-31 23:59:59","position":0},{"attribute_code":"is_returnable","value":"2","position":0},{"attribute_code":"brand_name","value":"ควอนตั้ม","position":0},{"attribute_code":"meta_keyword","value":"ปากกาลูกลื่น 0.5 มม. น้ำเงิน(12ด้าม)","position":0},{"attribute_code":"search_keywords","value":"ปากกาลูกลื่น 0.5 มม. น้ำเงิน(12ด้าม) ควอนตั้ม Skate 111 Ball Pen 0.5 mm. Blue Asst. (12/Pack) Quantum Skate 111","position":0},{"attribute_code":"special_price_inc_tax","value":42,"position":0},{"attribute_code":"url_key","value":"quantum-ปากกาลูกลื่น-0-5-มม-น้ำเงิน12ด้าม-ควอนตั้ม-skate-111-ofm1005938","values":["quantum-ปากกาลูกลื่น-0-5-มม-น้ำเงิน12ด้าม-ควอนตั้ม-skate-111-ofm1005938"],"position":0},{"attribute_code":"ranking","value":0.0044,"position":0},{"attribute_code":"package_dp","value":"แพ็ค","position":0},{"attribute_code":"product_group","value":"A","position":0},{"attribute_code":"required_options","value":false,"position":0},{"attribute_code":"sold_qty","value":7,"position":0},{"attribute_code":"options_container","value":"Block after Info Column","position":0},{"attribute_code":"tax_class_id","value":"Taxable Goods","position":0},{"attribute_code":"payment_methods","value":["cashondelivery","creditcardondelivery","companycredit","payment_service_bank_transfer","payment_service_fullpayment","payment_service_installment"],"position":0},{"attribute_code":"thumbnail","value":"/O/F/OFM1005938.jpg","position":0}],"custom_attributes":[{"attribute_code":"name","name":"name","label":"Product Name","value":"ปากกาลูกลื่น 0.5 มม. น้ำเงิน(12ด้าม) ควอนตั้ม Skate 111"},{"attribute_code":"image","name":"image","label":"Base","value":"/O/F/OFM1005938.jpg"},{"attribute_code":"small_image","name":"small_image","label":"Small","value":"/O/F/OFM1005938.jpg"},{"attribute_code":"thumbnail","name":"thumbnail","label":"Thumbnail","value":"/O/F/OFM1005938.jpg"},{"attribute_code":"options_container","name":"options_container","label":"Display Product Options In","value":"container2"},{"attribute_code":"url_key","name":"url_key","label":"URL Key","value":"quantum-ปากกาลูกลื่น-0-5-มม-น้ำเงิน12ด้าม-ควอนตั้ม-skate-111-ofm1005938"},{"attribute_code":"gift_message_available","name":"gift_message_available","label":"Allow Gift Message","value":"0"},{"attribute_code":"gift_wrapping_available","name":"gift_wrapping_available","label":"Allow Gift Wrapping","value":"0"},{"attribute_code":"is_returnable","name":"is_returnable","label":"Enable RMA","value":"2"},{"attribute_code":"swatch_image","name":"swatc... (set the log level to DEBUG or TRACE to see the full content) 
 </msg>
<msg timestamp="20211027 21:12:11.599" level="INFO">${response} = &lt;Response [200]&gt;</msg>
<status status="PASS" starttime="20211027 21:12:09.526" endtime="20211027 21:12:11.599"/>
</kw>
<kw name="Should Be Equal" library="BuiltIn">
<arg>${expected_total}</arg>
<arg>${response.json()['products']['total_count']}</arg>
<doc>Fails if the given objects are unequal.</doc>
<status status="PASS" starttime="20211027 21:12:11.599" endtime="20211027 21:12:11.634"/>
</kw>
<msg timestamp="20211027 21:12:11.656" level="INFO">${total} = 3514</msg>
<status status="PASS" starttime="20211027 21:12:09.524" endtime="20211027 21:12:11.656"/>
</kw>
<kw name="Number To String" library="custom">
<var>${expected}</var>
<arg>${total}</arg>
<msg timestamp="20211027 21:12:11.657" level="INFO">${expected} = 3,514</msg>
<status status="PASS" starttime="20211027 21:12:11.656" endtime="20211027 21:12:11.657"/>
</kw>
<kw name="Element Should Contain" library="SeleniumLibrary">
<arg>//div[@class='knEvI']</arg>
<arg>${expected}</arg>
<doc>Verifies that element ``locator`` contains text ``expected``.</doc>
<msg timestamp="20211027 21:12:12.099" level="INFO">Element '//div[@class='knEvI']' contains text '3,514'.</msg>
<status status="PASS" starttime="20211027 21:12:11.657" endtime="20211027 21:12:12.099"/>
</kw>
<status status="PASS" starttime="20211027 21:12:05.799" endtime="20211027 21:12:12.099"/>
</kw>
<tag>UI</tag>
<status status="PASS" starttime="20211027 21:12:04.572" endtime="20211027 21:12:12.099"/>
</test>
<test id="s1-s1-t2" name="UI: Search function with Search Query and Category">
<kw name="Scroll Element Into View" library="SeleniumLibrary">
<arg>//div[@filter-option='Category_ปากกาลูกลื่น']</arg>
<doc>Scrolls the element identified by ``locator`` into view.</doc>
<status status="PASS" starttime="20211027 21:12:12.102" endtime="20211027 21:12:12.783"/>
</kw>
<kw name="Click Element" library="SeleniumLibrary">
<arg>//div[@filter-option='Category_ปากกาลูกลื่น']</arg>
<doc>Click the element identified by ``locator``.</doc>
<msg timestamp="20211027 21:12:12.783" level="INFO">Clicking element '//div[@filter-option='Category_ปากกาลูกลื่น']'.</msg>
<status status="PASS" starttime="20211027 21:12:12.783" endtime="20211027 21:12:13.451"/>
</kw>
<kw name="Verify Total Amount Product">
<arg>${600}</arg>
<arg>${item_type}</arg>
<arg>${category_id}</arg>
<kw name="Wait Until Page Does Not Contain" library="SeleniumLibrary">
<arg>กรุณารอสักครู่</arg>
<doc>Waits until ``text`` disappears from the current page.</doc>
<status status="PASS" starttime="20211027 21:12:13.452" endtime="20211027 21:12:16.358"/>
</kw>
<kw name="Wait Until Element Contains" library="SeleniumLibrary">
<arg>//div[@class='knEvI']</arg>
<arg>ค้นพบสินค้า</arg>
<doc>Waits until the element ``locator`` contains ``text``.</doc>
<status status="PASS" starttime="20211027 21:12:16.358" endtime="20211027 21:12:16.873"/>
</kw>
<kw name="Calling Search API">
<var>${total}</var>
<arg>${expected_total}</arg>
<arg>${search_query}</arg>
<arg>${category_id}</arg>
<arg>${brand_name}</arg>
<arg>${price_range}</arg>
<kw name="Create Dictionary" library="BuiltIn">
<var>${headers}</var>
<arg>Content-Type</arg>
<arg>application/json</arg>
<arg>x-store-code</arg>
<arg>th</arg>
<doc>Creates and returns a dictionary based on the given ``items``.</doc>
<msg timestamp="20211027 21:12:16.874" level="INFO">${headers} = {'Content-Type': 'application/json', 'x-store-code': 'th'}</msg>
<status status="PASS" starttime="20211027 21:12:16.873" endtime="20211027 21:12:16.874"/>
</kw>
<kw name="Create Parameters" library="custom">
<var>${parameters}</var>
<arg>${search_query}</arg>
<arg>${category_id}</arg>
<arg>${brand_name}</arg>
<arg>${price_range}</arg>
<msg timestamp="20211027 21:12:16.874" level="INFO">${parameters} = searchQuery=ปากกา&amp;category_id=109&amp;visibility=4</msg>
<status status="PASS" starttime="20211027 21:12:16.874" endtime="20211027 21:12:16.874"/>
</kw>
<kw name="GET" library="RequestsLibrary">
<var>${response}</var>
<arg>${endpoint_api_url}/search/products</arg>
<arg>headers=${headers}</arg>
<arg>params=${parameters}</arg>
<arg>expected_status=200</arg>
<doc>Sends a GET request.</doc>
<msg timestamp="20211027 21:12:19.106" level="INFO">GET Request : url=https://www.officemate.co.th/api/search/products?searchQuery=%E0%B8%9B%E0%B8%B2%E0%B8%81%E0%B8%81%E0%B8%B2&amp;category_id=109&amp;visibility=4 
 path_url=/api/search/products?searchQuery=%E0%B8%9B%E0%B8%B2%E0%B8%81%E0%B8%81%E0%B8%B2&amp;category_id=109&amp;visibility=4 
 headers={'User-Agent': 'python-requests/2.26.0', 'Accept-Encoding': 'gzip, deflate', 'Accept': '*/*', 'Connection': 'keep-alive', 'Content-Type': 'application/json', 'x-store-code': 'th'} 
 body=None 
 </msg>
<msg timestamp="20211027 21:12:19.108" level="INFO">GET Response : url=https://www.officemate.co.th/api/search/products?searchQuery=%E0%B8%9B%E0%B8%B2%E0%B8%81%E0%B8%81%E0%B8%B2&amp;category_id=109&amp;visibility=4 
 status=200, reason=OK 
 headers={'Content-Type': 'application/json; charset=utf-8', 'X-Powered-By': 'Express', 'x-frame-options': 'SAMEORIGIN', 'x-xss-protection': '1; mode=block', 'ETag': 'W/"1fe9b2-SQ+izCsnXas0sFJZifXTle1vd9A"', 'Content-Encoding': 'gzip', 'Cache-Control': 'public, max-age=120', 'Expires': 'Wed, 27 Oct 2021 14:14:19 GMT', 'Date': 'Wed, 27 Oct 2021 14:12:19 GMT', 'Transfer-Encoding': 'chunked', 'Connection': 'keep-alive, Transfer-Encoding', 'Vary': 'Accept-Encoding', 'Server-Timing': 'edge; dur=217, origin; dur=1496, cdn-cache; desc=MISS'} 
 body={"products":{"total_count":600,"products":[{"id":1798,"type_id":"simple","name":"ปากกาลูกลื่น 0.5 มม. น้ำเงิน(12ด้าม) ควอนตั้ม Skate 111","brand_name":"ควอนตั้ม","small_image":"/O/F/OFM1005938.jpg","image":"/O/F/OFM1005938.jpg","thumbnail":"/O/F/OFM1005938.jpg","url_key":"quantum-ปากกาลูกลื่น-0-5-มม-น้ำเงิน12ด้าม-ควอนตั้ม-skate-111-ofm1005938","attribute_set_id":677,"visibility":4,"status":1,"is_returnable":"2","category":[{"category_id":2,"level":1,"parent_id":1,"url_key":"default-category"},{"category_id":107,"name":"อุปกรณ์สำนักงาน","level":2,"parent_id":2,"url_key":"office-supplies","url_path":"office-supplies","is_parent":true},{"category_id":108,"name":"ปากกา &amp; หมึกเติม","level":3,"parent_id":107,"url_key":"pens-refills","url_path":"office-supplies/pens-refills","is_parent":true},{"category_id":109,"name":"ปากกาลูกลื่น","level":4,"parent_id":108,"url_key":"ball-pen","url_path":"office-supplies/pens-refills/ball-pen","is_parent":true},{"category_id":1501,"name":"promotions","level":2,"parent_id":2,"url_key":"promotions","url_path":"promotions","is_parent":true},{"category_id":5462,"level":2,"parent_id":2,"url_key":"promotionsofficemate-global-cateogory","url_path":"promotionsofficemate-global-cateogory"},{"category_id":5463,"name":"Promotions","level":3,"parent_id":5462,"url_key":"promotions","url_path":"promotionsofficemate-global-cateogory/promotions"},{"category_id":5526,"name":"FEEL-FIN-NEW-TERM-SIAMWALLA","level":3,"parent_id":1501,"url_key":"feel-fin-new-term-siamwalla-1may-31jul21","url_path":"promotions/feel-fin-new-term-siamwalla-1may-31jul21","is_parent":true},{"category_id":6108,"name":"INFINITE-ONLINE-SELLER","level":4,"parent_id":5463,"url_key":"infinite-online-seller","url_path":"promotionsofficemate-global-cateogory/promotions/infinite-online-seller","is_parent":true},{"category_id":6114,"name":"INFINITE-ONLINE-SELLER-SIAMWALLA","level":4,"parent_id":5463,"url_key":"infinite-online-seller-siamwalla","url_path":"promotionsofficemate-global-cateogory/promotions/infinite-online-seller-siamwalla","is_parent":true},{"category_id":6153,"name":"ลดแรง! แถมเพียบ! ไอเทมเพื่อการเรียน","level":3,"parent_id":1501,"url_key":"school-supply-1-31aug21","url_path":"promotions/school-supply-1-31aug21","is_parent":true},{"category_id":6349,"name":"ลดสูงสุด 81%* ลดเพิ่ม! 10%* ฟรี* ปากกาเจล","level":3,"parent_id":1501,"url_key":"school-supply-1-30sep21","url_path":"promotions/school-supply-1-30sep21","is_parent":true},{"category_id":6383,"name":"Grand Sale | อุปกรณ์สำนักงานและเครื่องเขียน","level":3,"parent_id":1501,"url_key":"grand-sale-office-supplies-1-30sep21","url_path":"promotions/grand-sale-office-supplies-1-30sep21","is_parent":true},{"category_id":6388,"name":"Grand Sale | อุปกรณ์สำนักงานและเครื่องเขียน แบรนด์ Siamwalla","level":3,"parent_id":1501,"url_key":"grand-sale-office-supplies-siamwalla-1-30sep21","url_path":"promotions/grand-sale-office-supplies-siamwalla-1-30sep21","is_parent":true},{"category_id":6628,"name":"STATIONERY-1-31OCT21","level":3,"parent_id":1501,"url_key":"stationery-1-31oct21","url_path":"promotions/stationery-1-31oct21","is_parent":true},{"category_id":6680,"name":"RECOVERY-SALE-OFFICE-SUPPLIES-SIAMWALLA-1-31OCT21","level":3,"parent_id":1501,"url_key":"recovery-sale-office-supplies-siamwalla-1-31oct21","url_path":"promotions/recovery-sale-office-supplies-siamwalla-1-31oct21","is_parent":true},{"category_id":6682,"name":"RECOVERY-SALE-OFFICE-SUPPLIES-1-31OCT21","level":3,"parent_id":1501,"url_key":"recovery-sale-office-supplies-1-31oct21","url_path":"promotions/recovery-sale-office-supplies-1-31oct21","is_parent":true},{"category_id":6920,"name":"11-11-MEGA-FESTIVAL-3-14NOV21","level":3,"parent_id":1501,"url_key":"11-11-mega-festival-3-14nov21","url_path":"promotions/11-11-mega-festival-3-14nov21","is_parent":true}],"price":49,"tier_prices":[{"price":42,"original_price":49,"customer_group_id":0,"is_discount":true},{"price":42,"original_price":49,"customer_group_id":1,"is_discount":true},{"price":42,"original_price":49,"customer_group_id":2,"is_discount":true},{"price":42,"original_price":49,"customer_group_id":3,"is_discount":true},{"price":42,"original_price":49,"customer_group_id":4,"is_discount":true},{"price":42,"original_price":49,"customer_group_id":5,"is_discount":true}],"special_price":42,"special_from_date":"2021-10-01T00:00:00","special_to_date":"2021-10-31T23:59:59","stock":{"qty":15,"is_in_stock":true},"score":100000,"custom_attributes_option":[{"attribute_code":"small_image","value":"/O/F/OFM1005938.jpg","position":0},{"attribute_code":"special_from_date","value":"2021-10-01 00:00:00","position":0},{"attribute_code":"in_xml_sitemap","value":"Include in XML Sitemap","position":0},{"attribute_code":"swatch_image","value":"no_selection","position":0},{"attribute_code":"online_from_date","value":"2019-05-01 00:00:00","position":0},{"attribute_code":"visibility","value":4,"position":0},{"attribute_code":"percent_discount","value":14,"position":0},{"attribute_code":"price_inc_tax","value":49,"position":0},{"attribute_code":"online_price","value":39.25,"position":0},{"attribute_code":"created_at","value":"2018-07-16 14:33:36","position":0},{"attribute_code":"installment_plans","value":["5"],"position":0},{"attribute_code":"special_price","value":42,"position":0},{"attribute_code":"unit","value":"แพ็ค","position":0},{"attribute_code":"writting_color_dp","value":"น้ำเงิน","position":0},{"attribute_code":"online_price_enabled","value":"Online Price Enabled","position":0},{"attribute_code":"ts_dimensions_width","value":146,"position":0},{"attribute_code":"shipment_group_id","value":"MKP_2022","position":0},{"attribute_code":"ofm_product_type","value":15,"position":0},{"attribute_code":"weight","value":77,"position":0},{"attribute_code":"description","value":"* ปากกาลูกลื่น แบบปลอก\n* หัวปากกาผลิตจาก Nickel Silver คุณภาพแข็งแรง ทนทาน\n* น้ำหมึกชนิดพิเศษ เขียนลื่น ไม่สะดุด\n* ขนาดหัวปากกา 0.5 มม.\n* ด้ามคละสี\n* หมึกสีน้ำเงิน\n* บรรจุ 12 ด้าม/แพ็ค\n* จำนวน 1 แพ็ค\n\n*หมายเหตุการสั่งซื้อ*\n* สินค้าจำหน่ายคละแบบคละสี (ขึ้นอยู่กับ lot การผลิต)\n* บริษัทฯ ขอสงวนสิทธิ์ในการเลือกแบบและสี","position":0},{"attribute_code":"online_price_inc_tax","value":42,"position":0},{"attribute_code":"ts_dimensions_length","value":215,"position":0},{"attribute_code":"online_to_date","value":"2019-05-31 23:59:00","position":0},{"attribute_code":"special_expires_at","value":"2021-10-31 23:59:59","position":0},{"attribute_code":"ts_dimensions_height","value":10,"position":0},{"attribute_code":"updated_at","value":"2021-10-27 10:07:31","position":0},{"attribute_code":"has_options","value":false,"position":0},{"attribute_code":"barcode","value":"8851907243555","position":0},{"attribute_code":"image","value":"/O/F/OFM1005938.jpg","position":0},{"attribute_code":"price_discount","value":14.28,"position":0},{"attribute_code":"status","value":"Enabled","position":0},{"attribute_code":"short_description","value":"&lt;ul&gt;\n\t&lt;li&gt;ปากกาลูกลื่น แบบปลอก&lt;/li&gt;\n\t&lt;li&gt;หัวปากกาผลิตจาก Nickel Silver คุณภาพแข็งแรง ทนทาน&lt;/li&gt;\n\t&lt;li&gt;น้ำหมึกชนิดพิเศษ เขียนลื่น ไม่สะดุด&lt;/li&gt;\n\t&lt;li&gt;ขนาดหัวปากกา 0.5 มม.&lt;/li&gt;\n\t&lt;li&gt;ด้ามคละสี&lt;/li&gt;\n\t&lt;li&gt;หมึกสีน้ำเงิน&lt;/li&gt;\n\t&lt;li&gt;บรรจุ 12 ด้าม/แพ็ค&lt;/li&gt;\n\t&lt;li&gt;จำนวน 1 แพ็ค&lt;/li&gt;\n&lt;/ul&gt;\n\n&lt;p&gt;&lt;strong&gt;หมายเหตุการสั่งซื้อ&lt;/strong&gt;&lt;br /&gt;\n&lt;ul&gt;\n\t&lt;li&gt;สินค้าจำหน่ายคละแบบคละสี (ขึ้นอยู่กับ lot การผลิต)&lt;/li&gt;\n\t&lt;li&gt;บริษัทฯ ขอสงวนสิทธิ์ในการเลือกแบบและสี&lt;/li&gt;&lt;br /&gt;\n&lt;/ul&gt;&lt;/p&gt;","position":0},{"attribute_code":"special_to_date","value":"2021-10-31 23:59:59","position":0},{"attribute_code":"is_returnable","value":"2","position":0},{"attribute_code":"brand_name","value":"ควอนตั้ม","position":0},{"attribute_code":"meta_keyword","value":"ปากกาลูกลื่น 0.5 มม. น้ำเงิน(12ด้าม)","position":0},{"attribute_code":"search_keywords","value":"ปากกาลูกลื่น 0.5 มม. น้ำเงิน(12ด้าม) ควอนตั้ม Skate 111 Ball Pen 0.5 mm. Blue Asst. (12/Pack) Quantum Skate 111","position":0},{"attribute_code":"special_price_inc_tax","value":42,"position":0},{"attribute_code":"url_key","value":"quantum-ปากกาลูกลื่น-0-5-มม-น้ำเงิน12ด้าม-ควอนตั้ม-skate-111-ofm1005938","values":["quantum-ปากกาลูกลื่น-0-5-มม-น้ำเงิน12ด้าม-ควอนตั้ม-skate-111-ofm1005938"],"position":0},{"attribute_code":"ranking","value":0.0044,"position":0},{"attribute_code":"package_dp","value":"แพ็ค","position":0},{"attribute_code":"product_group","value":"A","position":0},{"attribute_code":"required_options","value":false,"position":0},{"attribute_code":"sold_qty","value":7,"position":0},{"attribute_code":"options_container","value":"Block after Info Column","position":0},{"attribute_code":"tax_class_id","value":"Taxable Goods","position":0},{"attribute_code":"payment_methods","value":["cashondelivery","creditcardondelivery","companycredit","payment_service_bank_transfer","payment_service_fullpayment","payment_service_installment"],"position":0},{"attribute_code":"thumbnail","value":"/O/F/OFM1005938.jpg","position":0}],"custom_attributes":[{"attribute_code":"name","name":"name","label":"Product Name","value":"ปากกาลูกลื่น 0.5 มม. น้ำเงิน(12ด้าม) ควอนตั้ม Skate 111"},{"attribute_code":"image","name":"image","label":"Base","value":"/O/F/OFM1005938.jpg"},{"attribute_code":"small_image","name":"small_image","label":"Small","value":"/O/F/OFM1005938.jpg"},{"attribute_code":"thumbnail","name":"thumbnail","label":"Thumbnail","value":"/O/F/OFM1005938.jpg"},{"attribute_code":"options_container","name":"options_container","label":"Display Product Options In","value":"container2"},{"attribute_code":"url_key","name":"url_key","label":"URL Key","value":"quantum-ปากกาลูกลื่น-0-5-มม-น้ำเงิน12ด้าม-ควอนตั้ม-skate-111-ofm1005938"},{"attribute_code":"gift_message_available","name":"gift_message_available","label":"Allow Gift Message","value":"0"},{"attribute_code":"gift_wrapping_available","name":"gift_wrapping_available","label":"Allow Gift Wrapping","value":"0"},{"attribute_code":"is_returnable","name":"is_returnable","label":"Enable RMA","value":"2"},{"attribute_code":"swatch_image","name":"swatch... (set the log level to DEBUG or TRACE to see the full content) 
 </msg>
<msg timestamp="20211027 21:12:19.108" level="INFO">${response} = &lt;Response [200]&gt;</msg>
<status status="PASS" starttime="20211027 21:12:16.874" endtime="20211027 21:12:19.108"/>
</kw>
<kw name="Should Be Equal" library="BuiltIn">
<arg>${expected_total}</arg>
<arg>${response.json()['products']['total_count']}</arg>
<doc>Fails if the given objects are unequal.</doc>
<status status="PASS" starttime="20211027 21:12:19.108" endtime="20211027 21:12:19.131"/>
</kw>
<msg timestamp="20211027 21:12:19.151" level="INFO">${total} = 600</msg>
<status status="PASS" starttime="20211027 21:12:16.873" endtime="20211027 21:12:19.151"/>
</kw>
<kw name="Number To String" library="custom">
<var>${expected}</var>
<arg>${total}</arg>
<msg timestamp="20211027 21:12:19.152" level="INFO">${expected} = 600</msg>
<status status="PASS" starttime="20211027 21:12:19.151" endtime="20211027 21:12:19.152"/>
</kw>
<kw name="Element Should Contain" library="SeleniumLibrary">
<arg>//div[@class='knEvI']</arg>
<arg>${expected}</arg>
<doc>Verifies that element ``locator`` contains text ``expected``.</doc>
<msg timestamp="20211027 21:12:19.584" level="INFO">Element '//div[@class='knEvI']' contains text '600'.</msg>
<status status="PASS" starttime="20211027 21:12:19.152" endtime="20211027 21:12:19.584"/>
</kw>
<status status="PASS" starttime="20211027 21:12:13.451" endtime="20211027 21:12:19.584"/>
</kw>
<tag>UI</tag>
<status status="PASS" starttime="20211027 21:12:12.101" endtime="20211027 21:12:19.585"/>
</test>
<test id="s1-s1-t3" name="UI: Search function with Search Query, Category, and Brand Name">
<kw name="Scroll Element Into View" library="SeleniumLibrary">
<arg>//div[@filter-option='Brand_ควอนตั้ม']</arg>
<doc>Scrolls the element identified by ``locator`` into view.</doc>
<status status="PASS" starttime="20211027 21:12:19.587" endtime="20211027 21:12:20.409"/>
</kw>
<kw name="Click Element" library="SeleniumLibrary">
<arg>//div[@filter-option='Brand_ควอนตั้ม']</arg>
<doc>Click the element identified by ``locator``.</doc>
<msg timestamp="20211027 21:12:20.410" level="INFO">Clicking element '//div[@filter-option='Brand_ควอนตั้ม']'.</msg>
<status status="PASS" starttime="20211027 21:12:20.409" endtime="20211027 21:12:21.002"/>
</kw>
<kw name="Verify Total Amount Product">
<arg>${117}</arg>
<arg>${item_type}</arg>
<arg>${category_id}</arg>
<arg>${brand_name}</arg>
<kw name="Wait Until Page Does Not Contain" library="SeleniumLibrary">
<arg>กรุณารอสักครู่</arg>
<doc>Waits until ``text`` disappears from the current page.</doc>
<status status="PASS" starttime="20211027 21:12:21.003" endtime="20211027 21:12:23.265"/>
</kw>
<kw name="Wait Until Element Contains" library="SeleniumLibrary">
<arg>//div[@class='knEvI']</arg>
<arg>ค้นพบสินค้า</arg>
<doc>Waits until the element ``locator`` contains ``text``.</doc>
<status status="PASS" starttime="20211027 21:12:23.265" endtime="20211027 21:12:23.702"/>
</kw>
<kw name="Calling Search API">
<var>${total}</var>
<arg>${expected_total}</arg>
<arg>${search_query}</arg>
<arg>${category_id}</arg>
<arg>${brand_name}</arg>
<arg>${price_range}</arg>
<kw name="Create Dictionary" library="BuiltIn">
<var>${headers}</var>
<arg>Content-Type</arg>
<arg>application/json</arg>
<arg>x-store-code</arg>
<arg>th</arg>
<doc>Creates and returns a dictionary based on the given ``items``.</doc>
<msg timestamp="20211027 21:12:23.703" level="INFO">${headers} = {'Content-Type': 'application/json', 'x-store-code': 'th'}</msg>
<status status="PASS" starttime="20211027 21:12:23.703" endtime="20211027 21:12:23.703"/>
</kw>
<kw name="Create Parameters" library="custom">
<var>${parameters}</var>
<arg>${search_query}</arg>
<arg>${category_id}</arg>
<arg>${brand_name}</arg>
<arg>${price_range}</arg>
<msg timestamp="20211027 21:12:23.704" level="INFO">${parameters} = searchQuery=ปากกา&amp;category_id=109&amp;brand_name=ควอนตั้ม&amp;visibility=4</msg>
<status status="PASS" starttime="20211027 21:12:23.703" endtime="20211027 21:12:23.704"/>
</kw>
<kw name="GET" library="RequestsLibrary">
<var>${response}</var>
<arg>${endpoint_api_url}/search/products</arg>
<arg>headers=${headers}</arg>
<arg>params=${parameters}</arg>
<arg>expected_status=200</arg>
<doc>Sends a GET request.</doc>
<msg timestamp="20211027 21:12:27.034" level="INFO">GET Request : url=https://www.officemate.co.th/api/search/products?searchQuery=%E0%B8%9B%E0%B8%B2%E0%B8%81%E0%B8%81%E0%B8%B2&amp;category_id=109&amp;brand_name=%E0%B8%84%E0%B8%A7%E0%B8%AD%E0%B8%99%E0%B8%95%E0%B8%B1%E0%B9%89%E0%B8%A1&amp;visibility=4 
 path_url=/api/search/products?searchQuery=%E0%B8%9B%E0%B8%B2%E0%B8%81%E0%B8%81%E0%B8%B2&amp;category_id=109&amp;brand_name=%E0%B8%84%E0%B8%A7%E0%B8%AD%E0%B8%99%E0%B8%95%E0%B8%B1%E0%B9%89%E0%B8%A1&amp;visibility=4 
 headers={'User-Agent': 'python-requests/2.26.0', 'Accept-Encoding': 'gzip, deflate', 'Accept': '*/*', 'Connection': 'keep-alive', 'Content-Type': 'application/json', 'x-store-code': 'th'} 
 body=None 
 </msg>
<msg timestamp="20211027 21:12:27.036" level="INFO">GET Response : url=https://www.officemate.co.th/api/search/products?searchQuery=%E0%B8%9B%E0%B8%B2%E0%B8%81%E0%B8%81%E0%B8%B2&amp;category_id=109&amp;brand_name=%E0%B8%84%E0%B8%A7%E0%B8%AD%E0%B8%99%E0%B8%95%E0%B8%B1%E0%B9%89%E0%B8%A1&amp;visibility=4 
 status=200, reason=OK 
 headers={'Content-Type': 'application/json; charset=utf-8', 'X-Powered-By': 'Express', 'x-frame-options': 'SAMEORIGIN', 'x-xss-protection': '1; mode=block', 'ETag': 'W/"212f97-0oxfod8uOnBmhs3sLXhUnsOVUyw"', 'Content-Encoding': 'gzip', 'Cache-Control': 'public, max-age=120', 'Expires': 'Wed, 27 Oct 2021 14:14:27 GMT', 'Date': 'Wed, 27 Oct 2021 14:12:27 GMT', 'Transfer-Encoding': 'chunked', 'Connection': 'keep-alive, Transfer-Encoding', 'Vary': 'Accept-Encoding', 'Server-Timing': 'edge; dur=8, origin; dur=3083, cdn-cache; desc=MISS'} 
 body={"products":{"total_count":117,"products":[{"id":1798,"type_id":"simple","name":"ปากกาลูกลื่น 0.5 มม. น้ำเงิน(12ด้าม) ควอนตั้ม Skate 111","brand_name":"ควอนตั้ม","small_image":"/O/F/OFM1005938.jpg","image":"/O/F/OFM1005938.jpg","thumbnail":"/O/F/OFM1005938.jpg","url_key":"quantum-ปากกาลูกลื่น-0-5-มม-น้ำเงิน12ด้าม-ควอนตั้ม-skate-111-ofm1005938","attribute_set_id":677,"visibility":4,"status":1,"is_returnable":"2","category":[{"category_id":2,"level":1,"parent_id":1,"url_key":"default-category"},{"category_id":107,"name":"อุปกรณ์สำนักงาน","level":2,"parent_id":2,"url_key":"office-supplies","url_path":"office-supplies","is_parent":true},{"category_id":108,"name":"ปากกา &amp; หมึกเติม","level":3,"parent_id":107,"url_key":"pens-refills","url_path":"office-supplies/pens-refills","is_parent":true},{"category_id":109,"name":"ปากกาลูกลื่น","level":4,"parent_id":108,"url_key":"ball-pen","url_path":"office-supplies/pens-refills/ball-pen","is_parent":true},{"category_id":1501,"name":"promotions","level":2,"parent_id":2,"url_key":"promotions","url_path":"promotions","is_parent":true},{"category_id":5462,"level":2,"parent_id":2,"url_key":"promotionsofficemate-global-cateogory","url_path":"promotionsofficemate-global-cateogory"},{"category_id":5463,"name":"Promotions","level":3,"parent_id":5462,"url_key":"promotions","url_path":"promotionsofficemate-global-cateogory/promotions"},{"category_id":5526,"name":"FEEL-FIN-NEW-TERM-SIAMWALLA","level":3,"parent_id":1501,"url_key":"feel-fin-new-term-siamwalla-1may-31jul21","url_path":"promotions/feel-fin-new-term-siamwalla-1may-31jul21","is_parent":true},{"category_id":6108,"name":"INFINITE-ONLINE-SELLER","level":4,"parent_id":5463,"url_key":"infinite-online-seller","url_path":"promotionsofficemate-global-cateogory/promotions/infinite-online-seller","is_parent":true},{"category_id":6114,"name":"INFINITE-ONLINE-SELLER-SIAMWALLA","level":4,"parent_id":5463,"url_key":"infinite-online-seller-siamwalla","url_path":"promotionsofficemate-global-cateogory/promotions/infinite-online-seller-siamwalla","is_parent":true},{"category_id":6153,"name":"ลดแรง! แถมเพียบ! ไอเทมเพื่อการเรียน","level":3,"parent_id":1501,"url_key":"school-supply-1-31aug21","url_path":"promotions/school-supply-1-31aug21","is_parent":true},{"category_id":6349,"name":"ลดสูงสุด 81%* ลดเพิ่ม! 10%* ฟรี* ปากกาเจล","level":3,"parent_id":1501,"url_key":"school-supply-1-30sep21","url_path":"promotions/school-supply-1-30sep21","is_parent":true},{"category_id":6383,"name":"Grand Sale | อุปกรณ์สำนักงานและเครื่องเขียน","level":3,"parent_id":1501,"url_key":"grand-sale-office-supplies-1-30sep21","url_path":"promotions/grand-sale-office-supplies-1-30sep21","is_parent":true},{"category_id":6388,"name":"Grand Sale | อุปกรณ์สำนักงานและเครื่องเขียน แบรนด์ Siamwalla","level":3,"parent_id":1501,"url_key":"grand-sale-office-supplies-siamwalla-1-30sep21","url_path":"promotions/grand-sale-office-supplies-siamwalla-1-30sep21","is_parent":true},{"category_id":6628,"name":"STATIONERY-1-31OCT21","level":3,"parent_id":1501,"url_key":"stationery-1-31oct21","url_path":"promotions/stationery-1-31oct21","is_parent":true},{"category_id":6680,"name":"RECOVERY-SALE-OFFICE-SUPPLIES-SIAMWALLA-1-31OCT21","level":3,"parent_id":1501,"url_key":"recovery-sale-office-supplies-siamwalla-1-31oct21","url_path":"promotions/recovery-sale-office-supplies-siamwalla-1-31oct21","is_parent":true},{"category_id":6682,"name":"RECOVERY-SALE-OFFICE-SUPPLIES-1-31OCT21","level":3,"parent_id":1501,"url_key":"recovery-sale-office-supplies-1-31oct21","url_path":"promotions/recovery-sale-office-supplies-1-31oct21","is_parent":true},{"category_id":6920,"name":"11-11-MEGA-FESTIVAL-3-14NOV21","level":3,"parent_id":1501,"url_key":"11-11-mega-festival-3-14nov21","url_path":"promotions/11-11-mega-festival-3-14nov21","is_parent":true}],"price":49,"tier_prices":[{"price":42,"original_price":49,"customer_group_id":0,"is_discount":true},{"price":42,"original_price":49,"customer_group_id":1,"is_discount":true},{"price":42,"original_price":49,"customer_group_id":2,"is_discount":true},{"price":42,"original_price":49,"customer_group_id":3,"is_discount":true},{"price":42,"original_price":49,"customer_group_id":4,"is_discount":true},{"price":42,"original_price":49,"customer_group_id":5,"is_discount":true}],"special_price":42,"special_from_date":"2021-10-01T00:00:00","special_to_date":"2021-10-31T23:59:59","stock":{"qty":15,"is_in_stock":true},"score":100000,"custom_attributes_option":[{"attribute_code":"small_image","value":"/O/F/OFM1005938.jpg","position":0},{"attribute_code":"special_from_date","value":"2021-10-01 00:00:00","position":0},{"attribute_code":"in_xml_sitemap","value":"Include in XML Sitemap","position":0},{"attribute_code":"swatch_image","value":"no_selection","position":0},{"attribute_code":"online_from_date","value":"2019-05-01 00:00:00","position":0},{"attribute_code":"visibility","value":4,"position":0},{"attribute_code":"percent_discount","value":14,"position":0},{"attribute_code":"price_inc_tax","value":49,"position":0},{"attribute_code":"online_price","value":39.25,"position":0},{"attribute_code":"created_at","value":"2018-07-16 14:33:36","position":0},{"attribute_code":"installment_plans","value":["5"],"position":0},{"attribute_code":"special_price","value":42,"position":0},{"attribute_code":"unit","value":"แพ็ค","position":0},{"attribute_code":"writting_color_dp","value":"น้ำเงิน","position":0},{"attribute_code":"online_price_enabled","value":"Online Price Enabled","position":0},{"attribute_code":"ts_dimensions_width","value":146,"position":0},{"attribute_code":"shipment_group_id","value":"MKP_2022","position":0},{"attribute_code":"ofm_product_type","value":15,"position":0},{"attribute_code":"weight","value":77,"position":0},{"attribute_code":"description","value":"* ปากกาลูกลื่น แบบปลอก\n* หัวปากกาผลิตจาก Nickel Silver คุณภาพแข็งแรง ทนทาน\n* น้ำหมึกชนิดพิเศษ เขียนลื่น ไม่สะดุด\n* ขนาดหัวปากกา 0.5 มม.\n* ด้ามคละสี\n* หมึกสีน้ำเงิน\n* บรรจุ 12 ด้าม/แพ็ค\n* จำนวน 1 แพ็ค\n\n*หมายเหตุการสั่งซื้อ*\n* สินค้าจำหน่ายคละแบบคละสี (ขึ้นอยู่กับ lot การผลิต)\n* บริษัทฯ ขอสงวนสิทธิ์ในการเลือกแบบและสี","position":0},{"attribute_code":"online_price_inc_tax","value":42,"position":0},{"attribute_code":"ts_dimensions_length","value":215,"position":0},{"attribute_code":"online_to_date","value":"2019-05-31 23:59:00","position":0},{"attribute_code":"special_expires_at","value":"2021-10-31 23:59:59","position":0},{"attribute_code":"ts_dimensions_height","value":10,"position":0},{"attribute_code":"updated_at","value":"2021-10-27 10:07:31","position":0},{"attribute_code":"has_options","value":false,"position":0},{"attribute_code":"barcode","value":"8851907243555","position":0},{"attribute_code":"image","value":"/O/F/OFM1005938.jpg","position":0},{"attribute_code":"price_discount","value":14.28,"position":0},{"attribute_code":"status","value":"Enabled","position":0},{"attribute_code":"short_description","value":"&lt;ul&gt;\n\t&lt;li&gt;ปากกาลูกลื่น แบบปลอก&lt;/li&gt;\n\t&lt;li&gt;หัวปากกาผลิตจาก Nickel Silver คุณภาพแข็งแรง ทนทาน&lt;/li&gt;\n\t&lt;li&gt;น้ำหมึกชนิดพิเศษ เขียนลื่น ไม่สะดุด&lt;/li&gt;\n\t&lt;li&gt;ขนาดหัวปากกา 0.5 มม.&lt;/li&gt;\n\t&lt;li&gt;ด้ามคละสี&lt;/li&gt;\n\t&lt;li&gt;หมึกสีน้ำเงิน&lt;/li&gt;\n\t&lt;li&gt;บรรจุ 12 ด้าม/แพ็ค&lt;/li&gt;\n\t&lt;li&gt;จำนวน 1 แพ็ค&lt;/li&gt;\n&lt;/ul&gt;\n\n&lt;p&gt;&lt;strong&gt;หมายเหตุการสั่งซื้อ&lt;/strong&gt;&lt;br /&gt;\n&lt;ul&gt;\n\t&lt;li&gt;สินค้าจำหน่ายคละแบบคละสี (ขึ้นอยู่กับ lot การผลิต)&lt;/li&gt;\n\t&lt;li&gt;บริษัทฯ ขอสงวนสิทธิ์ในการเลือกแบบและสี&lt;/li&gt;&lt;br /&gt;\n&lt;/ul&gt;&lt;/p&gt;","position":0},{"attribute_code":"special_to_date","value":"2021-10-31 23:59:59","position":0},{"attribute_code":"is_returnable","value":"2","position":0},{"attribute_code":"brand_name","value":"ควอนตั้ม","position":0},{"attribute_code":"meta_keyword","value":"ปากกาลูกลื่น 0.5 มม. น้ำเงิน(12ด้าม)","position":0},{"attribute_code":"search_keywords","value":"ปากกาลูกลื่น 0.5 มม. น้ำเงิน(12ด้าม) ควอนตั้ม Skate 111 Ball Pen 0.5 mm. Blue Asst. (12/Pack) Quantum Skate 111","position":0},{"attribute_code":"special_price_inc_tax","value":42,"position":0},{"attribute_code":"url_key","value":"quantum-ปากกาลูกลื่น-0-5-มม-น้ำเงิน12ด้าม-ควอนตั้ม-skate-111-ofm1005938","values":["quantum-ปากกาลูกลื่น-0-5-มม-น้ำเงิน12ด้าม-ควอนตั้ม-skate-111-ofm1005938"],"position":0},{"attribute_code":"ranking","value":0.0044,"position":0},{"attribute_code":"package_dp","value":"แพ็ค","position":0},{"attribute_code":"product_group","value":"A","position":0},{"attribute_code":"required_options","value":false,"position":0},{"attribute_code":"sold_qty","value":7,"position":0},{"attribute_code":"options_container","value":"Block after Info Column","position":0},{"attribute_code":"tax_class_id","value":"Taxable Goods","position":0},{"attribute_code":"payment_methods","value":["cashondelivery","creditcardondelivery","companycredit","payment_service_bank_transfer","payment_service_fullpayment","payment_service_installment"],"position":0},{"attribute_code":"thumbnail","value":"/O/F/OFM1005938.jpg","position":0}],"custom_attributes":[{"attribute_code":"name","name":"name","label":"Product Name","value":"ปากกาลูกลื่น 0.5 มม. น้ำเงิน(12ด้าม) ควอนตั้ม Skate 111"},{"attribute_code":"image","name":"image","label":"Base","value":"/O/F/OFM1005938.jpg"},{"attribute_code":"small_image","name":"small_image","label":"Small","value":"/O/F/OFM1005938.jpg"},{"attribute_code":"thumbnail","name":"thumbnail","label":"Thumbnail","value":"/O/F/OFM1005938.jpg"},{"attribute_code":"options_container","name":"options_container","label":"Display Product Options In","value":"container2"},{"attribute_code":"url_key","name":"url_key","label":"URL Key","value":"quantum-ปากกาลูกลื่น-0-5-มม-น้ำเงิน12ด้าม-ควอนตั้ม-skate-111-ofm1005938"},{"attribute_code":"gift_message_available","name":"gift_message_available","label":"Allow Gift Message","value":"0"},{"attribute_code":"gift_wrapping_available","name":"gift_wrapping_available","label":"Allow Gift Wrapping","value":"0"},{"attribute_code":"is_returnable","name":"is_returnable","label":"Enable RMA","value":"2"},{"attribute_code":"swatch_image","name":"swatch... (set the log level to DEBUG or TRACE to see the full content) 
 </msg>
<msg timestamp="20211027 21:12:27.036" level="INFO">${response} = &lt;Response [200]&gt;</msg>
<status status="PASS" starttime="20211027 21:12:23.704" endtime="20211027 21:12:27.036"/>
</kw>
<kw name="Should Be Equal" library="BuiltIn">
<arg>${expected_total}</arg>
<arg>${response.json()['products']['total_count']}</arg>
<doc>Fails if the given objects are unequal.</doc>
<status status="PASS" starttime="20211027 21:12:27.036" endtime="20211027 21:12:27.056"/>
</kw>
<msg timestamp="20211027 21:12:27.076" level="INFO">${total} = 117</msg>
<status status="PASS" starttime="20211027 21:12:23.702" endtime="20211027 21:12:27.076"/>
</kw>
<kw name="Number To String" library="custom">
<var>${expected}</var>
<arg>${total}</arg>
<msg timestamp="20211027 21:12:27.077" level="INFO">${expected} = 117</msg>
<status status="PASS" starttime="20211027 21:12:27.077" endtime="20211027 21:12:27.077"/>
</kw>
<kw name="Element Should Contain" library="SeleniumLibrary">
<arg>//div[@class='knEvI']</arg>
<arg>${expected}</arg>
<doc>Verifies that element ``locator`` contains text ``expected``.</doc>
<msg timestamp="20211027 21:12:27.508" level="INFO">Element '//div[@class='knEvI']' contains text '117'.</msg>
<status status="PASS" starttime="20211027 21:12:27.077" endtime="20211027 21:12:27.508"/>
</kw>
<status status="PASS" starttime="20211027 21:12:21.002" endtime="20211027 21:12:27.508"/>
</kw>
<tag>UI</tag>
<status status="PASS" starttime="20211027 21:12:19.586" endtime="20211027 21:12:27.508"/>
</test>
<test id="s1-s1-t4" name="UI: Search function with Search Query, Catagory, Brand Name, and Price Range">
<kw name="Scroll Element Into View" library="SeleniumLibrary">
<arg>//div[@role='slider'][2]</arg>
<doc>Scrolls the element identified by ``locator`` into view.</doc>
<status status="PASS" starttime="20211027 21:12:27.510" endtime="20211027 21:12:28.750"/>
</kw>
<kw name="Drag And Drop By Offset" library="SeleniumLibrary">
<arg>//div[@role='slider'][2]</arg>
<arg>${-354}</arg>
<arg>${0}</arg>
<doc>Drags the element identified with ``locator`` by ``xoffset/yoffset``.</doc>
<status status="PASS" starttime="20211027 21:12:28.750" endtime="20211027 21:12:29.725"/>
</kw>
<kw name="Scroll Element Into View" library="SeleniumLibrary">
<arg>//div[@id='btn-Filter-PriceRange']</arg>
<doc>Scrolls the element identified by ``locator`` into view.</doc>
<status status="PASS" starttime="20211027 21:12:29.725" endtime="20211027 21:12:30.432"/>
</kw>
<kw name="Click Element" library="SeleniumLibrary">
<arg>//div[@id='btn-Filter-PriceRange']</arg>
<doc>Click the element identified by ``locator``.</doc>
<msg timestamp="20211027 21:12:30.433" level="INFO">Clicking element '//div[@id='btn-Filter-PriceRange']'.</msg>
<status status="PASS" starttime="20211027 21:12:30.432" endtime="20211027 21:12:31.038"/>
</kw>
<kw name="Verify Total Amount Product">
<arg>${81}</arg>
<arg>${item_type}</arg>
<arg>${category_id}</arg>
<arg>${brand_name}</arg>
<arg>${price_range}</arg>
<kw name="Wait Until Page Does Not Contain" library="SeleniumLibrary">
<arg>กรุณารอสักครู่</arg>
<doc>Waits until ``text`` disappears from the current page.</doc>
<status status="PASS" starttime="20211027 21:12:31.039" endtime="20211027 21:12:32.551"/>
</kw>
<kw name="Wait Until Element Contains" library="SeleniumLibrary">
<arg>//div[@class='knEvI']</arg>
<arg>ค้นพบสินค้า</arg>
<doc>Waits until the element ``locator`` contains ``text``.</doc>
<status status="PASS" starttime="20211027 21:12:32.551" endtime="20211027 21:12:32.977"/>
</kw>
<kw name="Calling Search API">
<var>${total}</var>
<arg>${expected_total}</arg>
<arg>${search_query}</arg>
<arg>${category_id}</arg>
<arg>${brand_name}</arg>
<arg>${price_range}</arg>
<kw name="Create Dictionary" library="BuiltIn">
<var>${headers}</var>
<arg>Content-Type</arg>
<arg>application/json</arg>
<arg>x-store-code</arg>
<arg>th</arg>
<doc>Creates and returns a dictionary based on the given ``items``.</doc>
<msg timestamp="20211027 21:12:32.978" level="INFO">${headers} = {'Content-Type': 'application/json', 'x-store-code': 'th'}</msg>
<status status="PASS" starttime="20211027 21:12:32.978" endtime="20211027 21:12:32.978"/>
</kw>
<kw name="Create Parameters" library="custom">
<var>${parameters}</var>
<arg>${search_query}</arg>
<arg>${category_id}</arg>
<arg>${brand_name}</arg>
<arg>${price_range}</arg>
<msg timestamp="20211027 21:12:32.978" level="INFO">${parameters} = searchQuery=ปากกา&amp;category_id=109&amp;brand_name=ควอนตั้ม&amp;priceFrom=4&amp;priceTo=153&amp;visibility=4</msg>
<status status="PASS" starttime="20211027 21:12:32.978" endtime="20211027 21:12:32.978"/>
</kw>
<kw name="GET" library="RequestsLibrary">
<var>${response}</var>
<arg>${endpoint_api_url}/search/products</arg>
<arg>headers=${headers}</arg>
<arg>params=${parameters}</arg>
<arg>expected_status=200</arg>
<doc>Sends a GET request.</doc>
<msg timestamp="20211027 21:12:34.223" level="INFO">GET Request : url=https://www.officemate.co.th/api/search/products?searchQuery=%E0%B8%9B%E0%B8%B2%E0%B8%81%E0%B8%81%E0%B8%B2&amp;category_id=109&amp;brand_name=%E0%B8%84%E0%B8%A7%E0%B8%AD%E0%B8%99%E0%B8%95%E0%B8%B1%E0%B9%89%E0%B8%A1&amp;priceFrom=4&amp;priceTo=153&amp;visibility=4 
 path_url=/api/search/products?searchQuery=%E0%B8%9B%E0%B8%B2%E0%B8%81%E0%B8%81%E0%B8%B2&amp;category_id=109&amp;brand_name=%E0%B8%84%E0%B8%A7%E0%B8%AD%E0%B8%99%E0%B8%95%E0%B8%B1%E0%B9%89%E0%B8%A1&amp;priceFrom=4&amp;priceTo=153&amp;visibility=4 
 headers={'User-Agent': 'python-requests/2.26.0', 'Accept-Encoding': 'gzip, deflate', 'Accept': '*/*', 'Connection': 'keep-alive', 'Content-Type': 'application/json', 'x-store-code': 'th'} 
 body=None 
 </msg>
<msg timestamp="20211027 21:12:34.224" level="INFO">GET Response : url=https://www.officemate.co.th/api/search/products?searchQuery=%E0%B8%9B%E0%B8%B2%E0%B8%81%E0%B8%81%E0%B8%B2&amp;category_id=109&amp;brand_name=%E0%B8%84%E0%B8%A7%E0%B8%AD%E0%B8%99%E0%B8%95%E0%B8%B1%E0%B9%89%E0%B8%A1&amp;priceFrom=4&amp;priceTo=153&amp;visibility=4 
 status=200, reason=OK 
 headers={'Content-Type': 'application/json; charset=utf-8', 'X-Powered-By': 'Express', 'x-frame-options': 'SAMEORIGIN', 'x-xss-protection': '1; mode=block', 'ETag': 'W/"1aca67-73i5II92Q/narxubMLXHlofAYqA"', 'Content-Encoding': 'gzip', 'Cache-Control': 'public, max-age=120', 'Expires': 'Wed, 27 Oct 2021 14:14:34 GMT', 'Date': 'Wed, 27 Oct 2021 14:12:34 GMT', 'Transfer-Encoding': 'chunked', 'Connection': 'keep-alive, Transfer-Encoding', 'Vary': 'Accept-Encoding', 'Server-Timing': 'edge; dur=102, origin; dur=898, cdn-cache; desc=MISS'} 
 body={"products":{"total_count":81,"products":[{"id":1798,"type_id":"simple","name":"ปากกาลูกลื่น 0.5 มม. น้ำเงิน(12ด้าม) ควอนตั้ม Skate 111","brand_name":"ควอนตั้ม","small_image":"/O/F/OFM1005938.jpg","image":"/O/F/OFM1005938.jpg","thumbnail":"/O/F/OFM1005938.jpg","url_key":"quantum-ปากกาลูกลื่น-0-5-มม-น้ำเงิน12ด้าม-ควอนตั้ม-skate-111-ofm1005938","attribute_set_id":677,"visibility":4,"status":1,"is_returnable":"2","category":[{"category_id":2,"level":1,"parent_id":1,"url_key":"default-category"},{"category_id":107,"name":"อุปกรณ์สำนักงาน","level":2,"parent_id":2,"url_key":"office-supplies","url_path":"office-supplies","is_parent":true},{"category_id":108,"name":"ปากกา &amp; หมึกเติม","level":3,"parent_id":107,"url_key":"pens-refills","url_path":"office-supplies/pens-refills","is_parent":true},{"category_id":109,"name":"ปากกาลูกลื่น","level":4,"parent_id":108,"url_key":"ball-pen","url_path":"office-supplies/pens-refills/ball-pen","is_parent":true},{"category_id":1501,"name":"promotions","level":2,"parent_id":2,"url_key":"promotions","url_path":"promotions","is_parent":true},{"category_id":5462,"level":2,"parent_id":2,"url_key":"promotionsofficemate-global-cateogory","url_path":"promotionsofficemate-global-cateogory"},{"category_id":5463,"name":"Promotions","level":3,"parent_id":5462,"url_key":"promotions","url_path":"promotionsofficemate-global-cateogory/promotions"},{"category_id":5526,"name":"FEEL-FIN-NEW-TERM-SIAMWALLA","level":3,"parent_id":1501,"url_key":"feel-fin-new-term-siamwalla-1may-31jul21","url_path":"promotions/feel-fin-new-term-siamwalla-1may-31jul21","is_parent":true},{"category_id":6108,"name":"INFINITE-ONLINE-SELLER","level":4,"parent_id":5463,"url_key":"infinite-online-seller","url_path":"promotionsofficemate-global-cateogory/promotions/infinite-online-seller","is_parent":true},{"category_id":6114,"name":"INFINITE-ONLINE-SELLER-SIAMWALLA","level":4,"parent_id":5463,"url_key":"infinite-online-seller-siamwalla","url_path":"promotionsofficemate-global-cateogory/promotions/infinite-online-seller-siamwalla","is_parent":true},{"category_id":6153,"name":"ลดแรง! แถมเพียบ! ไอเทมเพื่อการเรียน","level":3,"parent_id":1501,"url_key":"school-supply-1-31aug21","url_path":"promotions/school-supply-1-31aug21","is_parent":true},{"category_id":6349,"name":"ลดสูงสุด 81%* ลดเพิ่ม! 10%* ฟรี* ปากกาเจล","level":3,"parent_id":1501,"url_key":"school-supply-1-30sep21","url_path":"promotions/school-supply-1-30sep21","is_parent":true},{"category_id":6383,"name":"Grand Sale | อุปกรณ์สำนักงานและเครื่องเขียน","level":3,"parent_id":1501,"url_key":"grand-sale-office-supplies-1-30sep21","url_path":"promotions/grand-sale-office-supplies-1-30sep21","is_parent":true},{"category_id":6388,"name":"Grand Sale | อุปกรณ์สำนักงานและเครื่องเขียน แบรนด์ Siamwalla","level":3,"parent_id":1501,"url_key":"grand-sale-office-supplies-siamwalla-1-30sep21","url_path":"promotions/grand-sale-office-supplies-siamwalla-1-30sep21","is_parent":true},{"category_id":6628,"name":"STATIONERY-1-31OCT21","level":3,"parent_id":1501,"url_key":"stationery-1-31oct21","url_path":"promotions/stationery-1-31oct21","is_parent":true},{"category_id":6680,"name":"RECOVERY-SALE-OFFICE-SUPPLIES-SIAMWALLA-1-31OCT21","level":3,"parent_id":1501,"url_key":"recovery-sale-office-supplies-siamwalla-1-31oct21","url_path":"promotions/recovery-sale-office-supplies-siamwalla-1-31oct21","is_parent":true},{"category_id":6682,"name":"RECOVERY-SALE-OFFICE-SUPPLIES-1-31OCT21","level":3,"parent_id":1501,"url_key":"recovery-sale-office-supplies-1-31oct21","url_path":"promotions/recovery-sale-office-supplies-1-31oct21","is_parent":true},{"category_id":6920,"name":"11-11-MEGA-FESTIVAL-3-14NOV21","level":3,"parent_id":1501,"url_key":"11-11-mega-festival-3-14nov21","url_path":"promotions/11-11-mega-festival-3-14nov21","is_parent":true}],"price":49,"tier_prices":[{"price":42,"original_price":49,"customer_group_id":0,"is_discount":true},{"price":42,"original_price":49,"customer_group_id":1,"is_discount":true},{"price":42,"original_price":49,"customer_group_id":2,"is_discount":true},{"price":42,"original_price":49,"customer_group_id":3,"is_discount":true},{"price":42,"original_price":49,"customer_group_id":4,"is_discount":true},{"price":42,"original_price":49,"customer_group_id":5,"is_discount":true}],"special_price":42,"special_from_date":"2021-10-01T00:00:00","special_to_date":"2021-10-31T23:59:59","stock":{"qty":15,"is_in_stock":true},"score":100000,"custom_attributes_option":[{"attribute_code":"small_image","value":"/O/F/OFM1005938.jpg","position":0},{"attribute_code":"special_from_date","value":"2021-10-01 00:00:00","position":0},{"attribute_code":"in_xml_sitemap","value":"Include in XML Sitemap","position":0},{"attribute_code":"swatch_image","value":"no_selection","position":0},{"attribute_code":"online_from_date","value":"2019-05-01 00:00:00","position":0},{"attribute_code":"visibility","value":4,"position":0},{"attribute_code":"percent_discount","value":14,"position":0},{"attribute_code":"price_inc_tax","value":49,"position":0},{"attribute_code":"online_price","value":39.25,"position":0},{"attribute_code":"created_at","value":"2018-07-16 14:33:36","position":0},{"attribute_code":"installment_plans","value":["5"],"position":0},{"attribute_code":"special_price","value":42,"position":0},{"attribute_code":"unit","value":"แพ็ค","position":0},{"attribute_code":"writting_color_dp","value":"น้ำเงิน","position":0},{"attribute_code":"online_price_enabled","value":"Online Price Enabled","position":0},{"attribute_code":"ts_dimensions_width","value":146,"position":0},{"attribute_code":"shipment_group_id","value":"MKP_2022","position":0},{"attribute_code":"ofm_product_type","value":15,"position":0},{"attribute_code":"weight","value":77,"position":0},{"attribute_code":"description","value":"* ปากกาลูกลื่น แบบปลอก\n* หัวปากกาผลิตจาก Nickel Silver คุณภาพแข็งแรง ทนทาน\n* น้ำหมึกชนิดพิเศษ เขียนลื่น ไม่สะดุด\n* ขนาดหัวปากกา 0.5 มม.\n* ด้ามคละสี\n* หมึกสีน้ำเงิน\n* บรรจุ 12 ด้าม/แพ็ค\n* จำนวน 1 แพ็ค\n\n*หมายเหตุการสั่งซื้อ*\n* สินค้าจำหน่ายคละแบบคละสี (ขึ้นอยู่กับ lot การผลิต)\n* บริษัทฯ ขอสงวนสิทธิ์ในการเลือกแบบและสี","position":0},{"attribute_code":"online_price_inc_tax","value":42,"position":0},{"attribute_code":"ts_dimensions_length","value":215,"position":0},{"attribute_code":"online_to_date","value":"2019-05-31 23:59:00","position":0},{"attribute_code":"special_expires_at","value":"2021-10-31 23:59:59","position":0},{"attribute_code":"ts_dimensions_height","value":10,"position":0},{"attribute_code":"updated_at","value":"2021-10-27 10:07:31","position":0},{"attribute_code":"has_options","value":false,"position":0},{"attribute_code":"barcode","value":"8851907243555","position":0},{"attribute_code":"image","value":"/O/F/OFM1005938.jpg","position":0},{"attribute_code":"price_discount","value":14.28,"position":0},{"attribute_code":"status","value":"Enabled","position":0},{"attribute_code":"short_description","value":"&lt;ul&gt;\n\t&lt;li&gt;ปากกาลูกลื่น แบบปลอก&lt;/li&gt;\n\t&lt;li&gt;หัวปากกาผลิตจาก Nickel Silver คุณภาพแข็งแรง ทนทาน&lt;/li&gt;\n\t&lt;li&gt;น้ำหมึกชนิดพิเศษ เขียนลื่น ไม่สะดุด&lt;/li&gt;\n\t&lt;li&gt;ขนาดหัวปากกา 0.5 มม.&lt;/li&gt;\n\t&lt;li&gt;ด้ามคละสี&lt;/li&gt;\n\t&lt;li&gt;หมึกสีน้ำเงิน&lt;/li&gt;\n\t&lt;li&gt;บรรจุ 12 ด้าม/แพ็ค&lt;/li&gt;\n\t&lt;li&gt;จำนวน 1 แพ็ค&lt;/li&gt;\n&lt;/ul&gt;\n\n&lt;p&gt;&lt;strong&gt;หมายเหตุการสั่งซื้อ&lt;/strong&gt;&lt;br /&gt;\n&lt;ul&gt;\n\t&lt;li&gt;สินค้าจำหน่ายคละแบบคละสี (ขึ้นอยู่กับ lot การผลิต)&lt;/li&gt;\n\t&lt;li&gt;บริษัทฯ ขอสงวนสิทธิ์ในการเลือกแบบและสี&lt;/li&gt;&lt;br /&gt;\n&lt;/ul&gt;&lt;/p&gt;","position":0},{"attribute_code":"special_to_date","value":"2021-10-31 23:59:59","position":0},{"attribute_code":"is_returnable","value":"2","position":0},{"attribute_code":"brand_name","value":"ควอนตั้ม","position":0},{"attribute_code":"meta_keyword","value":"ปากกาลูกลื่น 0.5 มม. น้ำเงิน(12ด้าม)","position":0},{"attribute_code":"search_keywords","value":"ปากกาลูกลื่น 0.5 มม. น้ำเงิน(12ด้าม) ควอนตั้ม Skate 111 Ball Pen 0.5 mm. Blue Asst. (12/Pack) Quantum Skate 111","position":0},{"attribute_code":"special_price_inc_tax","value":42,"position":0},{"attribute_code":"url_key","value":"quantum-ปากกาลูกลื่น-0-5-มม-น้ำเงิน12ด้าม-ควอนตั้ม-skate-111-ofm1005938","values":["quantum-ปากกาลูกลื่น-0-5-มม-น้ำเงิน12ด้าม-ควอนตั้ม-skate-111-ofm1005938"],"position":0},{"attribute_code":"ranking","value":0.0044,"position":0},{"attribute_code":"package_dp","value":"แพ็ค","position":0},{"attribute_code":"product_group","value":"A","position":0},{"attribute_code":"required_options","value":false,"position":0},{"attribute_code":"sold_qty","value":7,"position":0},{"attribute_code":"options_container","value":"Block after Info Column","position":0},{"attribute_code":"tax_class_id","value":"Taxable Goods","position":0},{"attribute_code":"payment_methods","value":["cashondelivery","creditcardondelivery","companycredit","payment_service_bank_transfer","payment_service_fullpayment","payment_service_installment"],"position":0},{"attribute_code":"thumbnail","value":"/O/F/OFM1005938.jpg","position":0}],"custom_attributes":[{"attribute_code":"name","name":"name","label":"Product Name","value":"ปากกาลูกลื่น 0.5 มม. น้ำเงิน(12ด้าม) ควอนตั้ม Skate 111"},{"attribute_code":"image","name":"image","label":"Base","value":"/O/F/OFM1005938.jpg"},{"attribute_code":"small_image","name":"small_image","label":"Small","value":"/O/F/OFM1005938.jpg"},{"attribute_code":"thumbnail","name":"thumbnail","label":"Thumbnail","value":"/O/F/OFM1005938.jpg"},{"attribute_code":"options_container","name":"options_container","label":"Display Product Options In","value":"container2"},{"attribute_code":"url_key","name":"url_key","label":"URL Key","value":"quantum-ปากกาลูกลื่น-0-5-มม-น้ำเงิน12ด้าม-ควอนตั้ม-skate-111-ofm1005938"},{"attribute_code":"gift_message_available","name":"gift_message_available","label":"Allow Gift Message","value":"0"},{"attribute_code":"gift_wrapping_available","name":"gift_wrapping_available","label":"Allow Gift Wrapping","value":"0"},{"attribute_code":"is_returnable","name":"is_returnable","label":"Enable RMA","value":"2"},{"attribute_code":"swatch_image","name":"swatch_... (set the log level to DEBUG or TRACE to see the full content) 
 </msg>
<msg timestamp="20211027 21:12:34.225" level="INFO">${response} = &lt;Response [200]&gt;</msg>
<status status="PASS" starttime="20211027 21:12:32.978" endtime="20211027 21:12:34.225"/>
</kw>
<kw name="Should Be Equal" library="BuiltIn">
<arg>${expected_total}</arg>
<arg>${response.json()['products']['total_count']}</arg>
<doc>Fails if the given objects are unequal.</doc>
<status status="PASS" starttime="20211027 21:12:34.225" endtime="20211027 21:12:34.248"/>
</kw>
<msg timestamp="20211027 21:12:34.265" level="INFO">${total} = 81</msg>
<status status="PASS" starttime="20211027 21:12:32.977" endtime="20211027 21:12:34.265"/>
</kw>
<kw name="Number To String" library="custom">
<var>${expected}</var>
<arg>${total}</arg>
<msg timestamp="20211027 21:12:34.265" level="INFO">${expected} = 81</msg>
<status status="PASS" starttime="20211027 21:12:34.265" endtime="20211027 21:12:34.265"/>
</kw>
<kw name="Element Should Contain" library="SeleniumLibrary">
<arg>//div[@class='knEvI']</arg>
<arg>${expected}</arg>
<doc>Verifies that element ``locator`` contains text ``expected``.</doc>
<msg timestamp="20211027 21:12:34.701" level="INFO">Element '//div[@class='knEvI']' contains text '81'.</msg>
<status status="PASS" starttime="20211027 21:12:34.265" endtime="20211027 21:12:34.701"/>
</kw>
<status status="PASS" starttime="20211027 21:12:31.038" endtime="20211027 21:12:34.701"/>
</kw>
<tag>UI</tag>
<status status="PASS" starttime="20211027 21:12:27.510" endtime="20211027 21:12:34.702"/>
</test>
<test id="s1-s1-t5" name="API: Search function with Search Query">
<kw name="Calling Search API">
<arg>${3514}</arg>
<arg>ปากกา</arg>
<kw name="Create Dictionary" library="BuiltIn">
<var>${headers}</var>
<arg>Content-Type</arg>
<arg>application/json</arg>
<arg>x-store-code</arg>
<arg>th</arg>
<doc>Creates and returns a dictionary based on the given ``items``.</doc>
<msg timestamp="20211027 21:12:34.705" level="INFO">${headers} = {'Content-Type': 'application/json', 'x-store-code': 'th'}</msg>
<status status="PASS" starttime="20211027 21:12:34.704" endtime="20211027 21:12:34.705"/>
</kw>
<kw name="Create Parameters" library="custom">
<var>${parameters}</var>
<arg>${search_query}</arg>
<arg>${category_id}</arg>
<arg>${brand_name}</arg>
<arg>${price_range}</arg>
<msg timestamp="20211027 21:12:34.705" level="INFO">${parameters} = searchQuery=ปากกา&amp;visibility=4</msg>
<status status="PASS" starttime="20211027 21:12:34.705" endtime="20211027 21:12:34.705"/>
</kw>
<kw name="GET" library="RequestsLibrary">
<var>${response}</var>
<arg>${endpoint_api_url}/search/products</arg>
<arg>headers=${headers}</arg>
<arg>params=${parameters}</arg>
<arg>expected_status=200</arg>
<doc>Sends a GET request.</doc>
<msg timestamp="20211027 21:12:36.213" level="INFO">GET Request : url=https://www.officemate.co.th/api/search/products?searchQuery=%E0%B8%9B%E0%B8%B2%E0%B8%81%E0%B8%81%E0%B8%B2&amp;visibility=4 
 path_url=/api/search/products?searchQuery=%E0%B8%9B%E0%B8%B2%E0%B8%81%E0%B8%81%E0%B8%B2&amp;visibility=4 
 headers={'User-Agent': 'python-requests/2.26.0', 'Accept-Encoding': 'gzip, deflate', 'Accept': '*/*', 'Connection': 'keep-alive', 'Content-Type': 'application/json', 'x-store-code': 'th'} 
 body=None 
 </msg>
<msg timestamp="20211027 21:12:36.214" level="INFO">GET Response : url=https://www.officemate.co.th/api/search/products?searchQuery=%E0%B8%9B%E0%B8%B2%E0%B8%81%E0%B8%81%E0%B8%B2&amp;visibility=4 
 status=200, reason=OK 
 headers={'Content-Type': 'application/json; charset=utf-8', 'X-Powered-By': 'Express', 'x-frame-options': 'SAMEORIGIN', 'x-xss-protection': '1; mode=block', 'ETag': 'W/"21c600-YAFLVluYezofZuDe19pJd11hWzU"', 'Content-Encoding': 'gzip', 'Cache-Control': 'public, max-age=120', 'Expires': 'Wed, 27 Oct 2021 14:14:36 GMT', 'Date': 'Wed, 27 Oct 2021 14:12:36 GMT', 'Transfer-Encoding': 'chunked', 'Connection': 'keep-alive, Transfer-Encoding', 'Vary': 'Accept-Encoding', 'Server-Timing': 'cdn-cache; desc=MISS, edge; dur=23, origin; dur=1181'} 
 body={"products":{"total_count":3514,"products":[{"id":1798,"type_id":"simple","name":"ปากกาลูกลื่น 0.5 มม. น้ำเงิน(12ด้าม) ควอนตั้ม Skate 111","brand_name":"ควอนตั้ม","small_image":"/O/F/OFM1005938.jpg","image":"/O/F/OFM1005938.jpg","thumbnail":"/O/F/OFM1005938.jpg","url_key":"quantum-ปากกาลูกลื่น-0-5-มม-น้ำเงิน12ด้าม-ควอนตั้ม-skate-111-ofm1005938","attribute_set_id":677,"visibility":4,"status":1,"is_returnable":"2","category":[{"category_id":2,"level":1,"parent_id":1,"url_key":"default-category"},{"category_id":107,"name":"อุปกรณ์สำนักงาน","level":2,"parent_id":2,"url_key":"office-supplies","url_path":"office-supplies","is_parent":true},{"category_id":108,"name":"ปากกา &amp; หมึกเติม","level":3,"parent_id":107,"url_key":"pens-refills","url_path":"office-supplies/pens-refills","is_parent":true},{"category_id":109,"name":"ปากกาลูกลื่น","level":4,"parent_id":108,"url_key":"ball-pen","url_path":"office-supplies/pens-refills/ball-pen","is_parent":true},{"category_id":1501,"name":"promotions","level":2,"parent_id":2,"url_key":"promotions","url_path":"promotions","is_parent":true},{"category_id":5462,"level":2,"parent_id":2,"url_key":"promotionsofficemate-global-cateogory","url_path":"promotionsofficemate-global-cateogory"},{"category_id":5463,"name":"Promotions","level":3,"parent_id":5462,"url_key":"promotions","url_path":"promotionsofficemate-global-cateogory/promotions"},{"category_id":5526,"name":"FEEL-FIN-NEW-TERM-SIAMWALLA","level":3,"parent_id":1501,"url_key":"feel-fin-new-term-siamwalla-1may-31jul21","url_path":"promotions/feel-fin-new-term-siamwalla-1may-31jul21","is_parent":true},{"category_id":6108,"name":"INFINITE-ONLINE-SELLER","level":4,"parent_id":5463,"url_key":"infinite-online-seller","url_path":"promotionsofficemate-global-cateogory/promotions/infinite-online-seller","is_parent":true},{"category_id":6114,"name":"INFINITE-ONLINE-SELLER-SIAMWALLA","level":4,"parent_id":5463,"url_key":"infinite-online-seller-siamwalla","url_path":"promotionsofficemate-global-cateogory/promotions/infinite-online-seller-siamwalla","is_parent":true},{"category_id":6153,"name":"ลดแรง! แถมเพียบ! ไอเทมเพื่อการเรียน","level":3,"parent_id":1501,"url_key":"school-supply-1-31aug21","url_path":"promotions/school-supply-1-31aug21","is_parent":true},{"category_id":6349,"name":"ลดสูงสุด 81%* ลดเพิ่ม! 10%* ฟรี* ปากกาเจล","level":3,"parent_id":1501,"url_key":"school-supply-1-30sep21","url_path":"promotions/school-supply-1-30sep21","is_parent":true},{"category_id":6383,"name":"Grand Sale | อุปกรณ์สำนักงานและเครื่องเขียน","level":3,"parent_id":1501,"url_key":"grand-sale-office-supplies-1-30sep21","url_path":"promotions/grand-sale-office-supplies-1-30sep21","is_parent":true},{"category_id":6388,"name":"Grand Sale | อุปกรณ์สำนักงานและเครื่องเขียน แบรนด์ Siamwalla","level":3,"parent_id":1501,"url_key":"grand-sale-office-supplies-siamwalla-1-30sep21","url_path":"promotions/grand-sale-office-supplies-siamwalla-1-30sep21","is_parent":true},{"category_id":6628,"name":"STATIONERY-1-31OCT21","level":3,"parent_id":1501,"url_key":"stationery-1-31oct21","url_path":"promotions/stationery-1-31oct21","is_parent":true},{"category_id":6680,"name":"RECOVERY-SALE-OFFICE-SUPPLIES-SIAMWALLA-1-31OCT21","level":3,"parent_id":1501,"url_key":"recovery-sale-office-supplies-siamwalla-1-31oct21","url_path":"promotions/recovery-sale-office-supplies-siamwalla-1-31oct21","is_parent":true},{"category_id":6682,"name":"RECOVERY-SALE-OFFICE-SUPPLIES-1-31OCT21","level":3,"parent_id":1501,"url_key":"recovery-sale-office-supplies-1-31oct21","url_path":"promotions/recovery-sale-office-supplies-1-31oct21","is_parent":true},{"category_id":6920,"name":"11-11-MEGA-FESTIVAL-3-14NOV21","level":3,"parent_id":1501,"url_key":"11-11-mega-festival-3-14nov21","url_path":"promotions/11-11-mega-festival-3-14nov21","is_parent":true}],"price":49,"tier_prices":[{"price":42,"original_price":49,"customer_group_id":0,"is_discount":true},{"price":42,"original_price":49,"customer_group_id":1,"is_discount":true},{"price":42,"original_price":49,"customer_group_id":2,"is_discount":true},{"price":42,"original_price":49,"customer_group_id":3,"is_discount":true},{"price":42,"original_price":49,"customer_group_id":4,"is_discount":true},{"price":42,"original_price":49,"customer_group_id":5,"is_discount":true}],"special_price":42,"special_from_date":"2021-10-01T00:00:00","special_to_date":"2021-10-31T23:59:59","stock":{"qty":15,"is_in_stock":true},"score":100000,"custom_attributes_option":[{"attribute_code":"small_image","value":"/O/F/OFM1005938.jpg","position":0},{"attribute_code":"special_from_date","value":"2021-10-01 00:00:00","position":0},{"attribute_code":"in_xml_sitemap","value":"Include in XML Sitemap","position":0},{"attribute_code":"swatch_image","value":"no_selection","position":0},{"attribute_code":"online_from_date","value":"2019-05-01 00:00:00","position":0},{"attribute_code":"visibility","value":4,"position":0},{"attribute_code":"percent_discount","value":14,"position":0},{"attribute_code":"price_inc_tax","value":49,"position":0},{"attribute_code":"online_price","value":39.25,"position":0},{"attribute_code":"created_at","value":"2018-07-16 14:33:36","position":0},{"attribute_code":"installment_plans","value":["5"],"position":0},{"attribute_code":"special_price","value":42,"position":0},{"attribute_code":"unit","value":"แพ็ค","position":0},{"attribute_code":"writting_color_dp","value":"น้ำเงิน","position":0},{"attribute_code":"online_price_enabled","value":"Online Price Enabled","position":0},{"attribute_code":"ts_dimensions_width","value":146,"position":0},{"attribute_code":"shipment_group_id","value":"MKP_2022","position":0},{"attribute_code":"ofm_product_type","value":15,"position":0},{"attribute_code":"weight","value":77,"position":0},{"attribute_code":"description","value":"* ปากกาลูกลื่น แบบปลอก\n* หัวปากกาผลิตจาก Nickel Silver คุณภาพแข็งแรง ทนทาน\n* น้ำหมึกชนิดพิเศษ เขียนลื่น ไม่สะดุด\n* ขนาดหัวปากกา 0.5 มม.\n* ด้ามคละสี\n* หมึกสีน้ำเงิน\n* บรรจุ 12 ด้าม/แพ็ค\n* จำนวน 1 แพ็ค\n\n*หมายเหตุการสั่งซื้อ*\n* สินค้าจำหน่ายคละแบบคละสี (ขึ้นอยู่กับ lot การผลิต)\n* บริษัทฯ ขอสงวนสิทธิ์ในการเลือกแบบและสี","position":0},{"attribute_code":"online_price_inc_tax","value":42,"position":0},{"attribute_code":"ts_dimensions_length","value":215,"position":0},{"attribute_code":"online_to_date","value":"2019-05-31 23:59:00","position":0},{"attribute_code":"special_expires_at","value":"2021-10-31 23:59:59","position":0},{"attribute_code":"ts_dimensions_height","value":10,"position":0},{"attribute_code":"updated_at","value":"2021-10-27 10:07:31","position":0},{"attribute_code":"has_options","value":false,"position":0},{"attribute_code":"barcode","value":"8851907243555","position":0},{"attribute_code":"image","value":"/O/F/OFM1005938.jpg","position":0},{"attribute_code":"price_discount","value":14.28,"position":0},{"attribute_code":"status","value":"Enabled","position":0},{"attribute_code":"short_description","value":"&lt;ul&gt;\n\t&lt;li&gt;ปากกาลูกลื่น แบบปลอก&lt;/li&gt;\n\t&lt;li&gt;หัวปากกาผลิตจาก Nickel Silver คุณภาพแข็งแรง ทนทาน&lt;/li&gt;\n\t&lt;li&gt;น้ำหมึกชนิดพิเศษ เขียนลื่น ไม่สะดุด&lt;/li&gt;\n\t&lt;li&gt;ขนาดหัวปากกา 0.5 มม.&lt;/li&gt;\n\t&lt;li&gt;ด้ามคละสี&lt;/li&gt;\n\t&lt;li&gt;หมึกสีน้ำเงิน&lt;/li&gt;\n\t&lt;li&gt;บรรจุ 12 ด้าม/แพ็ค&lt;/li&gt;\n\t&lt;li&gt;จำนวน 1 แพ็ค&lt;/li&gt;\n&lt;/ul&gt;\n\n&lt;p&gt;&lt;strong&gt;หมายเหตุการสั่งซื้อ&lt;/strong&gt;&lt;br /&gt;\n&lt;ul&gt;\n\t&lt;li&gt;สินค้าจำหน่ายคละแบบคละสี (ขึ้นอยู่กับ lot การผลิต)&lt;/li&gt;\n\t&lt;li&gt;บริษัทฯ ขอสงวนสิทธิ์ในการเลือกแบบและสี&lt;/li&gt;&lt;br /&gt;\n&lt;/ul&gt;&lt;/p&gt;","position":0},{"attribute_code":"special_to_date","value":"2021-10-31 23:59:59","position":0},{"attribute_code":"is_returnable","value":"2","position":0},{"attribute_code":"brand_name","value":"ควอนตั้ม","position":0},{"attribute_code":"meta_keyword","value":"ปากกาลูกลื่น 0.5 มม. น้ำเงิน(12ด้าม)","position":0},{"attribute_code":"search_keywords","value":"ปากกาลูกลื่น 0.5 มม. น้ำเงิน(12ด้าม) ควอนตั้ม Skate 111 Ball Pen 0.5 mm. Blue Asst. (12/Pack) Quantum Skate 111","position":0},{"attribute_code":"special_price_inc_tax","value":42,"position":0},{"attribute_code":"url_key","value":"quantum-ปากกาลูกลื่น-0-5-มม-น้ำเงิน12ด้าม-ควอนตั้ม-skate-111-ofm1005938","values":["quantum-ปากกาลูกลื่น-0-5-มม-น้ำเงิน12ด้าม-ควอนตั้ม-skate-111-ofm1005938"],"position":0},{"attribute_code":"ranking","value":0.0044,"position":0},{"attribute_code":"package_dp","value":"แพ็ค","position":0},{"attribute_code":"product_group","value":"A","position":0},{"attribute_code":"required_options","value":false,"position":0},{"attribute_code":"sold_qty","value":7,"position":0},{"attribute_code":"options_container","value":"Block after Info Column","position":0},{"attribute_code":"tax_class_id","value":"Taxable Goods","position":0},{"attribute_code":"payment_methods","value":["cashondelivery","creditcardondelivery","companycredit","payment_service_bank_transfer","payment_service_fullpayment","payment_service_installment"],"position":0},{"attribute_code":"thumbnail","value":"/O/F/OFM1005938.jpg","position":0}],"custom_attributes":[{"attribute_code":"name","name":"name","label":"Product Name","value":"ปากกาลูกลื่น 0.5 มม. น้ำเงิน(12ด้าม) ควอนตั้ม Skate 111"},{"attribute_code":"image","name":"image","label":"Base","value":"/O/F/OFM1005938.jpg"},{"attribute_code":"small_image","name":"small_image","label":"Small","value":"/O/F/OFM1005938.jpg"},{"attribute_code":"thumbnail","name":"thumbnail","label":"Thumbnail","value":"/O/F/OFM1005938.jpg"},{"attribute_code":"options_container","name":"options_container","label":"Display Product Options In","value":"container2"},{"attribute_code":"url_key","name":"url_key","label":"URL K
[...]
ute_code":"description","value":"* ปากกาลูกลื่น แบบปลอก\n* หัวปากกาผลิตจาก Nickel Silver คุณภาพแข็งแรง ทนทาน\n* น้ำหมึกชนิดพิเศษ เขียนลื่น ไม่สะดุด\n* ขนาดหัวปากกา 0.5 มม.\n* ด้ามคละสี\n* หมึกสีน้ำเงิน\n* บรรจุ 12 ด้าม/แพ็ค\n* จำนวน 1 แพ็ค\n\n*หมายเหตุการสั่งซื้อ*\n* สินค้าจำหน่ายคละแบบคละสี (ขึ้นอยู่กับ lot การผลิต)\n* บริษัทฯ ขอสงวนสิทธิ์ในการเลือกแบบและสี","position":0},{"attribute_code":"online_price_inc_tax","value":42,"position":0},{"attribute_code":"ts_dimensions_length","value":215,"position":0},{"attribute_code":"online_to_date","value":"2019-05-31 23:59:00","position":0},{"attribute_code":"special_expires_at","value":"2021-10-31 23:59:59","position":0},{"attribute_code":"ts_dimensions_height","value":10,"position":0},{"attribute_code":"updated_at","value":"2021-10-27 10:07:31","position":0},{"attribute_code":"has_options","value":false,"position":0},{"attribute_code":"barcode","value":"8851907243555","position":0},{"attribute_code":"image","value":"/O/F/OFM1005938.jpg","position":0},{"attribute_code":"price_discount","value":14.28,"position":0},{"attribute_code":"status","value":"Enabled","position":0},{"attribute_code":"short_description","value":"&lt;ul&gt;\n\t&lt;li&gt;ปากกาลูกลื่น แบบปลอก&lt;/li&gt;\n\t&lt;li&gt;หัวปากกาผลิตจาก Nickel Silver คุณภาพแข็งแรง ทนทาน&lt;/li&gt;\n\t&lt;li&gt;น้ำหมึกชนิดพิเศษ เขียนลื่น ไม่สะดุด&lt;/li&gt;\n\t&lt;li&gt;ขนาดหัวปากกา 0.5 มม.&lt;/li&gt;\n\t&lt;li&gt;ด้ามคละสี&lt;/li&gt;\n\t&lt;li&gt;หมึกสีน้ำเงิน&lt;/li&gt;\n\t&lt;li&gt;บรรจุ 12 ด้าม/แพ็ค&lt;/li&gt;\n\t&lt;li&gt;จำนวน 1 แพ็ค&lt;/li&gt;\n&lt;/ul&gt;\n\n&lt;p&gt;&lt;strong&gt;หมายเหตุการสั่งซื้อ&lt;/strong&gt;&lt;br /&gt;\n&lt;ul&gt;\n\t&lt;li&gt;สินค้าจำหน่ายคละแบบคละสี (ขึ้นอยู่กับ lot การผลิต)&lt;/li&gt;\n\t&lt;li&gt;บริษัทฯ ขอสงวนสิทธิ์ในการเลือกแบบและสี&lt;/li&gt;&lt;br /&gt;\n&lt;/ul&gt;&lt;/p&gt;","position":0},{"attribute_code":"special_to_date","value":"2021-10-31 23:59:59","position":0},{"attribute_code":"is_returnable","value":"2","position":0},{"attribute_code":"brand_name","value":"ควอนตั้ม","position":0},{"attribute_code":"meta_keyword","value":"ปากกาลูกลื่น 0.5 มม. น้ำเงิน(12ด้าม)","position":0},{"attribute_code":"search_keywords","value":"ปากกาลูกลื่น 0.5 มม. น้ำเงิน(12ด้าม) ควอนตั้ม Skate 111 Ball Pen 0.5 mm. Blue Asst. (12/Pack) Quantum Skate 111","position":0},{"attribute_code":"special_price_inc_tax","value":42,"position":0},{"attribute_code":"url_key","value":"quantum-ปากกาลูกลื่น-0-5-มม-น้ำเงิน12ด้าม-ควอนตั้ม-skate-111-ofm1005938","values":["quantum-ปากกาลูกลื่น-0-5-มม-น้ำเงิน12ด้าม-ควอนตั้ม-skate-111-ofm1005938"],"position":0},{"attribute_code":"ranking","value":0.0044,"position":0},{"attribute_code":"package_dp","value":"แพ็ค","position":0},{"attribute_code":"product_group","value":"A","position":0},{"attribute_code":"required_options","value":false,"position":0},{"attribute_code":"sold_qty","value":7,"position":0},{"attribute_code":"options_container","value":"Block after Info Column","position":0},{"attribute_code":"tax_class_id","value":"Taxable Goods","position":0},{"attribute_code":"payment_methods","value":["cashondelivery","creditcardondelivery","companycredit","payment_service_bank_transfer","payment_service_fullpayment","payment_service_installment"],"position":0},{"attribute_code":"thumbnail","value":"/O/F/OFM1005938.jpg","position":0}],"custom_attributes":[{"attribute_code":"name","name":"name","label":"Product Name","value":"ปากกาลูกลื่น 0.5 มม. น้ำเงิน(12ด้าม) ควอนตั้ม Skate 111"},{"attribute_code":"image","name":"image","label":"Base","value":"/O/F/OFM1005938.jpg"},{"attribute_code":"small_image","name":"small_image","label":"Small","value":"/O/F/OFM1005938.jpg"},{"attribute_code":"thumbnail","name":"thumbnail","label":"Thumbnail","value":"/O/F/OFM1005938.jpg"},{"attribute_code":"options_container","name":"options_container","label":"Display Product Options In","value":"container2"},{"attribute_code":"url_key","name":"url_key","label":"URL Key","value":"quantum-ปากกาลูกลื่น-0-5-มม-น้ำเงิน12ด้าม-ควอนตั้ม-skate-111-ofm1005938"},{"attribute_code":"gift_message_available","name":"gift_message_available","label":"Allow Gift Message","value":"0"},{"attribute_code":"gift_wrapping_available","name":"gift_wrapping_available","label":"Allow Gift Wrapping","value":"0"},{"attribute_code":"is_returnable","name":"is_returnable","label":"Enable RMA","value":"2"},{"attribute_code":"swatch_image","name":"swatch... (set the log level to DEBUG or TRACE to see the full content) 
 </msg>
<msg timestamp="20211027 21:12:36.735" level="INFO">${response} = &lt;Response [200]&gt;</msg>
<status status="PASS" starttime="20211027 21:12:36.516" endtime="20211027 21:12:36.735"/>
</kw>
<kw name="Should Be Equal" library="BuiltIn">
<arg>${expected_total}</arg>
<arg>${response.json()['products']['total_count']}</arg>
<doc>Fails if the given objects are unequal.</doc>
<status status="PASS" starttime="20211027 21:12:36.735" endtime="20211027 21:12:36.762"/>
</kw>
<status status="PASS" starttime="20211027 21:12:36.515" endtime="20211027 21:12:36.782"/>
</kw>
<tag>API</tag>
<status status="PASS" starttime="20211027 21:12:36.514" endtime="20211027 21:12:36.782"/>
</test>
<test id="s1-s1-t8" name="API: Search function with Search Query, Category, Brand Name, and Price Range">
<kw name="Calling Search API">
<arg>${81}</arg>
<arg>ปากกา</arg>
<arg>109</arg>
<arg>ควอนตั้ม</arg>
<arg>4-153</arg>
<kw name="Create Dictionary" library="BuiltIn">
<var>${headers}</var>
<arg>Content-Type</arg>
<arg>application/json</arg>
<arg>x-store-code</arg>
<arg>th</arg>
<doc>Creates and returns a dictionary based on the given ``items``.</doc>
<msg timestamp="20211027 21:12:36.785" level="INFO">${headers} = {'Content-Type': 'application/json', 'x-store-code': 'th'}</msg>
<status status="PASS" starttime="20211027 21:12:36.785" endtime="20211027 21:12:36.785"/>
</kw>
<kw name="Create Parameters" library="custom">
<var>${parameters}</var>
<arg>${search_query}</arg>
<arg>${category_id}</arg>
<arg>${brand_name}</arg>
<arg>${price_range}</arg>
<msg timestamp="20211027 21:12:36.786" level="INFO">${parameters} = searchQuery=ปากกา&amp;category_id=109&amp;brand_name=ควอนตั้ม&amp;priceFrom=4&amp;priceTo=153&amp;visibility=4</msg>
<status status="PASS" starttime="20211027 21:12:36.785" endtime="20211027 21:12:36.786"/>
</kw>
<kw name="GET" library="RequestsLibrary">
<var>${response}</var>
<arg>${endpoint_api_url}/search/products</arg>
<arg>headers=${headers}</arg>
<arg>params=${parameters}</arg>
<arg>expected_status=200</arg>
<doc>Sends a GET request.</doc>
<msg timestamp="20211027 21:12:36.958" level="INFO">GET Request : url=https://www.officemate.co.th/api/search/products?searchQuery=%E0%B8%9B%E0%B8%B2%E0%B8%81%E0%B8%81%E0%B8%B2&amp;category_id=109&amp;brand_name=%E0%B8%84%E0%B8%A7%E0%B8%AD%E0%B8%99%E0%B8%95%E0%B8%B1%E0%B9%89%E0%B8%A1&amp;priceFrom=4&amp;priceTo=153&amp;visibility=4 
 path_url=/api/search/products?searchQuery=%E0%B8%9B%E0%B8%B2%E0%B8%81%E0%B8%81%E0%B8%B2&amp;category_id=109&amp;brand_name=%E0%B8%84%E0%B8%A7%E0%B8%AD%E0%B8%99%E0%B8%95%E0%B8%B1%E0%B9%89%E0%B8%A1&amp;priceFrom=4&amp;priceTo=153&amp;visibility=4 
 headers={'User-Agent': 'python-requests/2.26.0', 'Accept-Encoding': 'gzip, deflate', 'Accept': '*/*', 'Connection': 'keep-alive', 'Content-Type': 'application/json', 'x-store-code': 'th'} 
 body=None 
 </msg>
<msg timestamp="20211027 21:12:36.959" level="INFO">GET Response : url=https://www.officemate.co.th/api/search/products?searchQuery=%E0%B8%9B%E0%B8%B2%E0%B8%81%E0%B8%81%E0%B8%B2&amp;category_id=109&amp;brand_name=%E0%B8%84%E0%B8%A7%E0%B8%AD%E0%B8%99%E0%B8%95%E0%B8%B1%E0%B9%89%E0%B8%A1&amp;priceFrom=4&amp;priceTo=153&amp;visibility=4 
 status=200, reason=OK 
 headers={'Content-Type': 'application/json; charset=utf-8', 'X-Powered-By': 'Express', 'x-frame-options': 'SAMEORIGIN', 'x-xss-protection': '1; mode=block', 'ETag': 'W/"1aca67-73i5II92Q/narxubMLXHlofAYqA"', 'Content-Encoding': 'gzip', 'Cache-Control': 'public, max-age=120', 'Expires': 'Wed, 27 Oct 2021 14:14:37 GMT', 'Date': 'Wed, 27 Oct 2021 14:12:37 GMT', 'Content-Length': '99814', 'Connection': 'keep-alive', 'Vary': 'Accept-Encoding', 'Server-Timing': 'cdn-cache; desc=HIT, edge; dur=1'} 
 body={"products":{"total_count":81,"products":[{"id":1798,"type_id":"simple","name":"ปากกาลูกลื่น 0.5 มม. น้ำเงิน(12ด้าม) ควอนตั้ม Skate 111","brand_name":"ควอนตั้ม","small_image":"/O/F/OFM1005938.jpg","image":"/O/F/OFM1005938.jpg","thumbnail":"/O/F/OFM1005938.jpg","url_key":"quantum-ปากกาลูกลื่น-0-5-มม-น้ำเงิน12ด้าม-ควอนตั้ม-skate-111-ofm1005938","attribute_set_id":677,"visibility":4,"status":1,"is_returnable":"2","category":[{"category_id":2,"level":1,"parent_id":1,"url_key":"default-category"},{"category_id":107,"name":"อุปกรณ์สำนักงาน","level":2,"parent_id":2,"url_key":"office-supplies","url_path":"office-supplies","is_parent":true},{"category_id":108,"name":"ปากกา &amp; หมึกเติม","level":3,"parent_id":107,"url_key":"pens-refills","url_path":"office-supplies/pens-refills","is_parent":true},{"category_id":109,"name":"ปากกาลูกลื่น","level":4,"parent_id":108,"url_key":"ball-pen","url_path":"office-supplies/pens-refills/ball-pen","is_parent":true},{"category_id":1501,"name":"promotions","level":2,"parent_id":2,"url_key":"promotions","url_path":"promotions","is_parent":true},{"category_id":5462,"level":2,"parent_id":2,"url_key":"promotionsofficemate-global-cateogory","url_path":"promotionsofficemate-global-cateogory"},{"category_id":5463,"name":"Promotions","level":3,"parent_id":5462,"url_key":"promotions","url_path":"promotionsofficemate-global-cateogory/promotions"},{"category_id":5526,"name":"FEEL-FIN-NEW-TERM-SIAMWALLA","level":3,"parent_id":1501,"url_key":"feel-fin-new-term-siamwalla-1may-31jul21","url_path":"promotions/feel-fin-new-term-siamwalla-1may-31jul21","is_parent":true},{"category_id":6108,"name":"INFINITE-ONLINE-SELLER","level":4,"parent_id":5463,"url_key":"infinite-online-seller","url_path":"promotionsofficemate-global-cateogory/promotions/infinite-online-seller","is_parent":true},{"category_id":6114,"name":"INFINITE-ONLINE-SELLER-SIAMWALLA","level":4,"parent_id":5463,"url_key":"infinite-online-seller-siamwalla","url_path":"promotionsofficemate-global-cateogory/promotions/infinite-online-seller-siamwalla","is_parent":true},{"category_id":6153,"name":"ลดแรง! แถมเพียบ! ไอเทมเพื่อการเรียน","level":3,"parent_id":1501,"url_key":"school-supply-1-31aug21","url_path":"promotions/school-supply-1-31aug21","is_parent":true},{"category_id":6349,"name":"ลดสูงสุด 81%* ลดเพิ่ม! 10%* ฟรี* ปากกาเจล","level":3,"parent_id":1501,"url_key":"school-supply-1-30sep21","url_path":"promotions/school-supply-1-30sep21","is_parent":true},{"category_id":6383,"name":"Grand Sale | อุปกรณ์สำนักงานและเครื่องเขียน","level":3,"parent_id":1501,"url_key":"grand-sale-office-supplies-1-30sep21","url_path":"promotions/grand-sale-office-supplies-1-30sep21","is_parent":true},{"category_id":6388,"name":"Grand Sale | อุปกรณ์สำนักงานและเครื่องเขียน แบรนด์ Siamwalla","level":3,"parent_id":1501,"url_key":"grand-sale-office-supplies-siamwalla-1-30sep21","url_path":"promotions/grand-sale-office-supplies-siamwalla-1-30sep21","is_parent":true},{"category_id":6628,"name":"STATIONERY-1-31OCT21","level":3,"parent_id":1501,"url_key":"stationery-1-31oct21","url_path":"promotions/stationery-1-31oct21","is_parent":true},{"category_id":6680,"name":"RECOVERY-SALE-OFFICE-SUPPLIES-SIAMWALLA-1-31OCT21","level":3,"parent_id":1501,"url_key":"recovery-sale-office-supplies-siamwalla-1-31oct21","url_path":"promotions/recovery-sale-office-supplies-siamwalla-1-31oct21","is_parent":true},{"category_id":6682,"name":"RECOVERY-SALE-OFFICE-SUPPLIES-1-31OCT21","level":3,"parent_id":1501,"url_key":"recovery-sale-office-supplies-1-31oct21","url_path":"promotions/recovery-sale-office-supplies-1-31oct21","is_parent":true},{"category_id":6920,"name":"11-11-MEGA-FESTIVAL-3-14NOV21","level":3,"parent_id":1501,"url_key":"11-11-mega-festival-3-14nov21","url_path":"promotions/11-11-mega-festival-3-14nov21","is_parent":true}],"price":49,"tier_prices":[{"price":42,"original_price":49,"customer_group_id":0,"is_discount":true},{"price":42,"original_price":49,"customer_group_id":1,"is_discount":true},{"price":42,"original_price":49,"customer_group_id":2,"is_discount":true},{"price":42,"original_price":49,"customer_group_id":3,"is_discount":true},{"price":42,"original_price":49,"customer_group_id":4,"is_discount":true},{"price":42,"original_price":49,"customer_group_id":5,"is_discount":true}],"special_price":42,"special_from_date":"2021-10-01T00:00:00","special_to_date":"2021-10-31T23:59:59","stock":{"qty":15,"is_in_stock":true},"score":100000,"custom_attributes_option":[{"attribute_code":"small_image","value":"/O/F/OFM1005938.jpg","position":0},{"attribute_code":"special_from_date","value":"2021-10-01 00:00:00","position":0},{"attribute_code":"in_xml_sitemap","value":"Include in XML Sitemap","position":0},{"attribute_code":"swatch_image","value":"no_selection","position":0},{"attribute_code":"online_from_date","value":"2019-05-01 00:00:00","position":0},{"attribute_code":"visibility","value":4,"position":0},{"attribute_code":"percent_discount","value":14,"position":0},{"attribute_code":"price_inc_tax","value":49,"position":0},{"attribute_code":"online_price","value":39.25,"position":0},{"attribute_code":"created_at","value":"2018-07-16 14:33:36","position":0},{"attribute_code":"installment_plans","value":["5"],"position":0},{"attribute_code":"special_price","value":42,"position":0},{"attribute_code":"unit","value":"แพ็ค","position":0},{"attribute_code":"writting_color_dp","value":"น้ำเงิน","position":0},{"attribute_code":"online_price_enabled","value":"Online Price Enabled","position":0},{"attribute_code":"ts_dimensions_width","value":146,"position":0},{"attribute_code":"shipment_group_id","value":"MKP_2022","position":0},{"attribute_code":"ofm_product_type","value":15,"position":0},{"attribute_code":"weight","value":77,"position":0},{"attribute_code":"description","value":"* ปากกาลูกลื่น แบบปลอก\n* หัวปากกาผลิตจาก Nickel Silver คุณภาพแข็งแรง ทนทาน\n* น้ำหมึกชนิดพิเศษ เขียนลื่น ไม่สะดุด\n* ขนาดหัวปากกา 0.5 มม.\n* ด้ามคละสี\n* หมึกสีน้ำเงิน\n* บรรจุ 12 ด้าม/แพ็ค\n* จำนวน 1 แพ็ค\n\n*หมายเหตุการสั่งซื้อ*\n* สินค้าจำหน่ายคละแบบคละสี (ขึ้นอยู่กับ lot การผลิต)\n* บริษัทฯ ขอสงวนสิทธิ์ในการเลือกแบบและสี","position":0},{"attribute_code":"online_price_inc_tax","value":42,"position":0},{"attribute_code":"ts_dimensions_length","value":215,"position":0},{"attribute_code":"online_to_date","value":"2019-05-31 23:59:00","position":0},{"attribute_code":"special_expires_at","value":"2021-10-31 23:59:59","position":0},{"attribute_code":"ts_dimensions_height","value":10,"position":0},{"attribute_code":"updated_at","value":"2021-10-27 10:07:31","position":0},{"attribute_code":"has_options","value":false,"position":0},{"attribute_code":"barcode","value":"8851907243555","position":0},{"attribute_code":"image","value":"/O/F/OFM1005938.jpg","position":0},{"attribute_code":"price_discount","value":14.28,"position":0},{"attribute_code":"status","value":"Enabled","position":0},{"attribute_code":"short_description","value":"&lt;ul&gt;\n\t&lt;li&gt;ปากกาลูกลื่น แบบปลอก&lt;/li&gt;\n\t&lt;li&gt;หัวปากกาผลิตจาก Nickel Silver คุณภาพแข็งแรง ทนทาน&lt;/li&gt;\n\t&lt;li&gt;น้ำหมึกชนิดพิเศษ เขียนลื่น ไม่สะดุด&lt;/li&gt;\n\t&lt;li&gt;ขนาดหัวปากกา 0.5 มม.&lt;/li&gt;\n\t&lt;li&gt;ด้ามคละสี&lt;/li&gt;\n\t&lt;li&gt;หมึกสีน้ำเงิน&lt;/li&gt;\n\t&lt;li&gt;บรรจุ 12 ด้าม/แพ็ค&lt;/li&gt;\n\t&lt;li&gt;จำนวน 1 แพ็ค&lt;/li&gt;\n&lt;/ul&gt;\n\n&lt;p&gt;&lt;strong&gt;หมายเหตุการสั่งซื้อ&lt;/strong&gt;&lt;br /&gt;\n&lt;ul&gt;\n\t&lt;li&gt;สินค้าจำหน่ายคละแบบคละสี (ขึ้นอยู่กับ lot การผลิต)&lt;/li&gt;\n\t&lt;li&gt;บริษัทฯ ขอสงวนสิทธิ์ในการเลือกแบบและสี&lt;/li&gt;&lt;br /&gt;\n&lt;/ul&gt;&lt;/p&gt;","position":0},{"attribute_code":"special_to_date","value":"2021-10-31 23:59:59","position":0},{"attribute_code":"is_returnable","value":"2","position":0},{"attribute_code":"brand_name","value":"ควอนตั้ม","position":0},{"attribute_code":"meta_keyword","value":"ปากกาลูกลื่น 0.5 มม. น้ำเงิน(12ด้าม)","position":0},{"attribute_code":"search_keywords","value":"ปากกาลูกลื่น 0.5 มม. น้ำเงิน(12ด้าม) ควอนตั้ม Skate 111 Ball Pen 0.5 mm. Blue Asst. (12/Pack) Quantum Skate 111","position":0},{"attribute_code":"special_price_inc_tax","value":42,"position":0},{"attribute_code":"url_key","value":"quantum-ปากกาลูกลื่น-0-5-มม-น้ำเงิน12ด้าม-ควอนตั้ม-skate-111-ofm1005938","values":["quantum-ปากกาลูกลื่น-0-5-มม-น้ำเงิน12ด้าม-ควอนตั้ม-skate-111-ofm1005938"],"position":0},{"attribute_code":"ranking","value":0.0044,"position":0},{"attribute_code":"package_dp","value":"แพ็ค","position":0},{"attribute_code":"product_group","value":"A","position":0},{"attribute_code":"required_options","value":false,"position":0},{"attribute_code":"sold_qty","value":7,"position":0},{"attribute_code":"options_container","value":"Block after Info Column","position":0},{"attribute_code":"tax_class_id","value":"Taxable Goods","position":0},{"attribute_code":"payment_methods","value":["cashondelivery","creditcardondelivery","companycredit","payment_service_bank_transfer","payment_service_fullpayment","payment_service_installment"],"position":0},{"attribute_code":"thumbnail","value":"/O/F/OFM1005938.jpg","position":0}],"custom_attributes":[{"attribute_code":"name","name":"name","label":"Product Name","value":"ปากกาลูกลื่น 0.5 มม. น้ำเงิน(12ด้าม) ควอนตั้ม Skate 111"},{"attribute_code":"image","name":"image","label":"Base","value":"/O/F/OFM1005938.jpg"},{"attribute_code":"small_image","name":"small_image","label":"Small","value":"/O/F/OFM1005938.jpg"},{"attribute_code":"thumbnail","name":"thumbnail","label":"Thumbnail","value":"/O/F/OFM1005938.jpg"},{"attribute_code":"options_container","name":"options_container","label":"Display Product Options In","value":"container2"},{"attribute_code":"url_key","name":"url_key","label":"URL Key","value":"quantum-ปากกาลูกลื่น-0-5-มม-น้ำเงิน12ด้าม-ควอนตั้ม-skate-111-ofm1005938"},{"attribute_code":"gift_message_available","name":"gift_message_available","label":"Allow Gift Message","value":"0"},{"attribute_code":"gift_wrapping_available","name":"gift_wrapping_available","label":"Allow Gift Wrapping","value":"0"},{"attribute_code":"is_returnable","name":"is_returnable","label":"Enable RMA","value":"2"},{"attribute_code":"swatch_image","name":"swatch_... (set the log level to DEBUG or TRACE to see the full content) 
 </msg>
<msg timestamp="20211027 21:12:36.960" level="INFO">${response} = &lt;Response [200]&gt;</msg>
<status status="PASS" starttime="20211027 21:12:36.786" endtime="20211027 21:12:36.960"/>
</kw>
<kw name="Should Be Equal" library="BuiltIn">
<arg>${expected_total}</arg>
<arg>${response.json()['products']['total_count']}</arg>
<doc>Fails if the given objects are unequal.</doc>
<status status="PASS" starttime="20211027 21:12:36.960" endtime="20211027 21:12:36.976"/>
</kw>
<status status="PASS" starttime="20211027 21:12:36.784" endtime="20211027 21:12:36.992"/>
</kw>
<tag>API</tag>
<status status="PASS" starttime="20211027 21:12:36.784" endtime="20211027 21:12:36.992"/>
</test>
<kw name="Close All Browsers" library="SeleniumLibrary" type="TEARDOWN">
<doc>Closes all open browsers and resets the browser cache.</doc>
<status status="PASS" starttime="20211027 21:12:36.994" endtime="20211027 21:12:39.254"/>
</kw>
<status status="PASS" starttime="20211027 21:11:54.134" endtime="20211027 21:12:39.254"/>
</suite>
<status status="PASS" starttime="20211027 21:11:54.112" endtime="20211027 21:12:39.256"/>
</suite>
<statistics>
<total>
<stat pass="8" fail="0" skip="0">All Tests</stat>
</total>
<tag>
<stat pass="4" fail="0" skip="0">API</stat>
<stat pass="4" fail="0" skip="0">UI</stat>
</tag>
<suite>
<stat pass="8" fail="0" skip="0" id="s1" name="1-Search Function">1-Search Function</stat>
<stat pass="8" fail="0" skip="0" id="s1-s1" name="1-Testcases">1-Search Function.1-Testcases</stat>
</suite>
</statistics>
<errors>
</errors>
</robot>
